{"/Users/sarthak/Desktop/fleet/taste/src/lib/agentCinema.ts": {"path":"/Users/sarthak/Desktop/fleet/taste/src/lib/agentCinema.ts","statementMap":{"0":{"start":{"line":1,"column":27},"end":{"line":1,"column":null}},"1":{"start":{"line":2,"column":20},"end":{"line":2,"column":null}},"2":{"start":{"line":3,"column":20},"end":{"line":3,"column":null}},"3":{"start":{"line":6,"column":29},"end":{"line":14,"column":null}},"4":{"start":{"line":17,"column":12},"end":{"line":17,"column":null}},"5":{"start":{"line":18,"column":2},"end":{"line":18,"column":null}},"6":{"start":{"line":22,"column":12},"end":{"line":22,"column":null}},"7":{"start":{"line":23,"column":2},"end":{"line":23,"column":null}},"8":{"start":{"line":46,"column":12},"end":{"line":46,"column":null}},"9":{"start":{"line":47,"column":2},"end":{"line":47,"column":null}},"10":{"start":{"line":51,"column":18},"end":{"line":51,"column":null}},"11":{"start":{"line":51,"column":58},"end":{"line":51,"column":59}},"12":{"start":{"line":52,"column":2},"end":{"line":55,"column":null}},"13":{"start":{"line":52,"column":15},"end":{"line":52,"column":35}},"14":{"start":{"line":53,"column":14},"end":{"line":53,"column":null}},"15":{"start":{"line":54,"column":4},"end":{"line":54,"column":null}},"16":{"start":{"line":56,"column":2},"end":{"line":56,"column":null}},"17":{"start":{"line":61,"column":30},"end":{"line":61,"column":null}},"18":{"start":{"line":62,"column":15},"end":{"line":62,"column":null}},"19":{"start":{"line":63,"column":18},"end":{"line":63,"column":null}},"20":{"start":{"line":64,"column":17},"end":{"line":69,"column":null}},"21":{"start":{"line":71,"column":15},"end":{"line":76,"column":null}},"22":{"start":{"line":78,"column":16},"end":{"line":78,"column":null}},"23":{"start":{"line":79,"column":16},"end":{"line":79,"column":null}},"24":{"start":{"line":80,"column":19},"end":{"line":80,"column":null}},"25":{"start":{"line":81,"column":23},"end":{"line":81,"column":null}},"26":{"start":{"line":82,"column":23},"end":{"line":82,"column":null}},"27":{"start":{"line":84,"column":11},"end":{"line":84,"column":null}},"28":{"start":{"line":85,"column":2},"end":{"line":109,"column":null}},"29":{"start":{"line":85,"column":17},"end":{"line":85,"column":20}},"30":{"start":{"line":86,"column":4},"end":{"line":108,"column":null}},"31":{"start":{"line":86,"column":19},"end":{"line":86,"column":22}},"32":{"start":{"line":87,"column":16},"end":{"line":87,"column":null}},"33":{"start":{"line":88,"column":16},"end":{"line":88,"column":null}},"34":{"start":{"line":90,"column":21},"end":{"line":90,"column":null}},"35":{"start":{"line":92,"column":6},"end":{"line":106,"column":null}},"36":{"start":{"line":107,"column":6},"end":{"line":107,"column":null}},"37":{"start":{"line":111,"column":2},"end":{"line":111,"column":null}},"38":{"start":{"line":115,"column":22},"end":{"line":115,"column":null}},"39":{"start":{"line":116,"column":18},"end":{"line":116,"column":null}},"40":{"start":{"line":116,"column":38},"end":{"line":116,"column":39}},"41":{"start":{"line":117,"column":2},"end":{"line":120,"column":null}},"42":{"start":{"line":117,"column":15},"end":{"line":117,"column":35}},"43":{"start":{"line":118,"column":14},"end":{"line":118,"column":null}},"44":{"start":{"line":119,"column":4},"end":{"line":119,"column":null}},"45":{"start":{"line":121,"column":19},"end":{"line":121,"column":null}},"46":{"start":{"line":122,"column":2},"end":{"line":124,"column":null}},"47":{"start":{"line":123,"column":4},"end":{"line":123,"column":null}},"48":{"start":{"line":131,"column":2},"end":{"line":131,"column":null}},"49":{"start":{"line":131,"column":43},"end":{"line":131,"column":null}},"50":{"start":{"line":132,"column":14},"end":{"line":132,"column":null}},"51":{"start":{"line":132,"column":40},"end":{"line":132,"column":63}},"52":{"start":{"line":133,"column":2},"end":{"line":133,"column":null}},"53":{"start":{"line":133,"column":17},"end":{"line":133,"column":null}},"54":{"start":{"line":134,"column":2},"end":{"line":134,"column":null}},"55":{"start":{"line":134,"column":17},"end":{"line":134,"column":null}},"56":{"start":{"line":135,"column":2},"end":{"line":135,"column":null}},"57":{"start":{"line":139,"column":12},"end":{"line":139,"column":null}},"58":{"start":{"line":140,"column":23},"end":{"line":140,"column":null}},"59":{"start":{"line":142,"column":2},"end":{"line":142,"column":null}},"60":{"start":{"line":142,"column":27},"end":{"line":142,"column":null}},"61":{"start":{"line":143,"column":2},"end":{"line":143,"column":null}},"62":{"start":{"line":143,"column":30},"end":{"line":143,"column":null}},"63":{"start":{"line":144,"column":2},"end":{"line":144,"column":null}},"64":{"start":{"line":144,"column":41},"end":{"line":144,"column":null}},"65":{"start":{"line":145,"column":2},"end":{"line":145,"column":null}},"66":{"start":{"line":145,"column":41},"end":{"line":145,"column":null}},"67":{"start":{"line":146,"column":2},"end":{"line":146,"column":null}}},"fnMap":{"0":{"name":"cinemaMinDurationMs","decl":{"start":{"line":16,"column":16},"end":{"line":16,"column":38}},"loc":{"start":{"line":16,"column":38},"end":{"line":19,"column":null}},"line":16},"1":{"name":"cinemaVerdictStartMs","decl":{"start":{"line":21,"column":16},"end":{"line":21,"column":39}},"loc":{"start":{"line":21,"column":39},"end":{"line":24,"column":null}},"line":21},"2":{"name":"hash","decl":{"start":{"line":45,"column":9},"end":{"line":45,"column":14}},"loc":{"start":{"line":45,"column":33},"end":{"line":48,"column":null}},"line":45},"3":{"name":"shuffledIndices","decl":{"start":{"line":50,"column":9},"end":{"line":50,"column":25}},"loc":{"start":{"line":50,"column":64},"end":{"line":57,"column":null}},"line":50},"4":{"name":"(anonymous_4)","decl":{"start":{"line":51,"column":45},"end":{"line":51,"column":49}},"loc":{"start":{"line":51,"column":58},"end":{"line":51,"column":59}},"line":51},"5":{"name":"buildCinemaLayout","decl":{"start":{"line":60,"column":16},"end":{"line":60,"column":34}},"loc":{"start":{"line":60,"column":79},"end":{"line":112,"column":null}},"line":60},"6":{"name":"assignVerdicts","decl":{"start":{"line":114,"column":16},"end":{"line":114,"column":31}},"loc":{"start":{"line":114,"column":83},"end":{"line":125,"column":null}},"line":114},"7":{"name":"(anonymous_7)","decl":{"start":{"line":116,"column":24},"end":{"line":116,"column":29}},"loc":{"start":{"line":116,"column":38},"end":{"line":116,"column":39}},"line":116},"8":{"name":"deriveGreenRatioFromWinner","decl":{"start":{"line":127,"column":16},"end":{"line":127,"column":null}},"loc":{"start":{"line":130,"column":10},"end":{"line":136,"column":null}},"line":130},"9":{"name":"(anonymous_9)","decl":{"start":{"line":132,"column":23},"end":{"line":132,"column":34}},"loc":{"start":{"line":132,"column":40},"end":{"line":132,"column":63}},"line":132},"10":{"name":"cinemaPhaseLabel","decl":{"start":{"line":138,"column":16},"end":{"line":138,"column":33}},"loc":{"start":{"line":138,"column":98},"end":{"line":147,"column":null}},"line":138}},"branchMap":{"0":{"loc":{"start":{"line":114,"column":72},"end":{"line":114,"column":83}},"type":"default-arg","locations":[{"start":{"line":114,"column":79},"end":{"line":114,"column":83}}],"line":114},"1":{"loc":{"start":{"line":123,"column":24},"end":{"line":123,"column":null}},"type":"cond-expr","locations":[{"start":{"line":123,"column":48},"end":{"line":123,"column":58}},{"start":{"line":123,"column":58},"end":{"line":123,"column":null}}],"line":123},"2":{"loc":{"start":{"line":131,"column":2},"end":{"line":131,"column":null}},"type":"if","locations":[{"start":{"line":131,"column":2},"end":{"line":131,"column":null}},{"start":{},"end":{}}],"line":131},"3":{"loc":{"start":{"line":131,"column":6},"end":{"line":131,"column":43}},"type":"binary-expr","locations":[{"start":{"line":131,"column":6},"end":{"line":131,"column":22}},{"start":{"line":131,"column":22},"end":{"line":131,"column":43}}],"line":131},"4":{"loc":{"start":{"line":133,"column":2},"end":{"line":133,"column":null}},"type":"if","locations":[{"start":{"line":133,"column":2},"end":{"line":133,"column":null}},{"start":{},"end":{}}],"line":133},"5":{"loc":{"start":{"line":134,"column":2},"end":{"line":134,"column":null}},"type":"if","locations":[{"start":{"line":134,"column":2},"end":{"line":134,"column":null}},{"start":{},"end":{}}],"line":134},"6":{"loc":{"start":{"line":142,"column":2},"end":{"line":142,"column":null}},"type":"if","locations":[{"start":{"line":142,"column":2},"end":{"line":142,"column":null}},{"start":{},"end":{}}],"line":142},"7":{"loc":{"start":{"line":143,"column":2},"end":{"line":143,"column":null}},"type":"if","locations":[{"start":{"line":143,"column":2},"end":{"line":143,"column":null}},{"start":{},"end":{}}],"line":143},"8":{"loc":{"start":{"line":144,"column":2},"end":{"line":144,"column":null}},"type":"if","locations":[{"start":{"line":144,"column":2},"end":{"line":144,"column":null}},{"start":{},"end":{}}],"line":144},"9":{"loc":{"start":{"line":145,"column":2},"end":{"line":145,"column":null}},"type":"if","locations":[{"start":{"line":145,"column":2},"end":{"line":145,"column":null}},{"start":{},"end":{}}],"line":145}},"s":{"0":0,"1":0,"2":0,"3":0,"4":0,"5":0,"6":0,"7":0,"8":0,"9":0,"10":0,"11":0,"12":0,"13":0,"14":0,"15":0,"16":0,"17":0,"18":0,"19":0,"20":0,"21":0,"22":0,"23":0,"24":0,"25":0,"26":0,"27":0,"28":0,"29":0,"30":0,"31":0,"32":0,"33":0,"34":0,"35":0,"36":0,"37":0,"38":0,"39":0,"40":0,"41":0,"42":0,"43":0,"44":0,"45":0,"46":0,"47":0,"48":0,"49":0,"50":0,"51":0,"52":0,"53":0,"54":0,"55":0,"56":0,"57":0,"58":0,"59":0,"60":0,"61":0,"62":0,"63":0,"64":0,"65":0,"66":0,"67":0},"f":{"0":0,"1":0,"2":0,"3":0,"4":0,"5":0,"6":0,"7":0,"8":0,"9":0,"10":0},"b":{"0":[0],"1":[0,0],"2":[0,0],"3":[0,0],"4":[0,0],"5":[0,0],"6":[0,0],"7":[0,0],"8":[0,0],"9":[0,0]},"meta":{"lastBranch":10,"lastFunction":11,"lastStatement":68,"seen":{"s:1:27:1:Infinity":0,"s:2:20:2:Infinity":1,"s:3:20:3:Infinity":2,"s:6:29:14:Infinity":3,"f:16:16:16:38":0,"s:17:12:17:Infinity":4,"s:18:2:18:Infinity":5,"f:21:16:21:39":1,"s:22:12:22:Infinity":6,"s:23:2:23:Infinity":7,"f:45:9:45:14":2,"s:46:12:46:Infinity":8,"s:47:2:47:Infinity":9,"f:50:9:50:25":3,"s:51:18:51:Infinity":10,"f:51:45:51:49":4,"s:51:58:51:59":11,"s:52:2:55:Infinity":12,"s:52:15:52:35":13,"s:53:14:53:Infinity":14,"s:54:4:54:Infinity":15,"s:56:2:56:Infinity":16,"f:60:16:60:34":5,"s:61:30:61:Infinity":17,"s:62:15:62:Infinity":18,"s:63:18:63:Infinity":19,"s:64:17:69:Infinity":20,"s:71:15:76:Infinity":21,"s:78:16:78:Infinity":22,"s:79:16:79:Infinity":23,"s:80:19:80:Infinity":24,"s:81:23:81:Infinity":25,"s:82:23:82:Infinity":26,"s:84:11:84:Infinity":27,"s:85:2:109:Infinity":28,"s:85:17:85:20":29,"s:86:4:108:Infinity":30,"s:86:19:86:22":31,"s:87:16:87:Infinity":32,"s:88:16:88:Infinity":33,"s:90:21:90:Infinity":34,"s:92:6:106:Infinity":35,"s:107:6:107:Infinity":36,"s:111:2:111:Infinity":37,"f:114:16:114:31":6,"b:114:79:114:83":0,"s:115:22:115:Infinity":38,"s:116:18:116:Infinity":39,"f:116:24:116:29":7,"s:116:38:116:39":40,"s:117:2:120:Infinity":41,"s:117:15:117:35":42,"s:118:14:118:Infinity":43,"s:119:4:119:Infinity":44,"s:121:19:121:Infinity":45,"s:122:2:124:Infinity":46,"s:123:4:123:Infinity":47,"b:123:48:123:58:123:58:123:Infinity":1,"f:127:16:127:Infinity":8,"b:131:2:131:Infinity:undefined:undefined:undefined:undefined":2,"s:131:2:131:Infinity":48,"b:131:6:131:22:131:22:131:43":3,"s:131:43:131:Infinity":49,"s:132:14:132:Infinity":50,"f:132:23:132:34":9,"s:132:40:132:63":51,"b:133:2:133:Infinity:undefined:undefined:undefined:undefined":4,"s:133:2:133:Infinity":52,"s:133:17:133:Infinity":53,"b:134:2:134:Infinity:undefined:undefined:undefined:undefined":5,"s:134:2:134:Infinity":54,"s:134:17:134:Infinity":55,"s:135:2:135:Infinity":56,"f:138:16:138:33":10,"s:139:12:139:Infinity":57,"s:140:23:140:Infinity":58,"b:142:2:142:Infinity:undefined:undefined:undefined:undefined":6,"s:142:2:142:Infinity":59,"s:142:27:142:Infinity":60,"b:143:2:143:Infinity:undefined:undefined:undefined:undefined":7,"s:143:2:143:Infinity":61,"s:143:30:143:Infinity":62,"b:144:2:144:Infinity:undefined:undefined:undefined:undefined":8,"s:144:2:144:Infinity":63,"s:144:41:144:Infinity":64,"b:145:2:145:Infinity:undefined:undefined:undefined:undefined":9,"s:145:2:145:Infinity":65,"s:145:41:145:Infinity":66,"s:146:2:146:Infinity":67},"fnNames":{}}}
,"/Users/sarthak/Desktop/fleet/taste/src/lib/agents.ts": {"path":"/Users/sarthak/Desktop/fleet/taste/src/lib/agents.ts","statementMap":{"0":{"start":{"line":11,"column":52},"end":{"line":54,"column":null}},"1":{"start":{"line":57,"column":10},"end":{"line":57,"column":null}},"2":{"start":{"line":58,"column":2},"end":{"line":58,"column":null}},"3":{"start":{"line":58,"column":15},"end":{"line":58,"column":18}},"4":{"start":{"line":58,"column":37},"end":{"line":58,"column":null}},"5":{"start":{"line":59,"column":2},"end":{"line":59,"column":null}},"6":{"start":{"line":63,"column":13},"end":{"line":63,"column":null}},"7":{"start":{"line":64,"column":2},"end":{"line":64,"column":null}},"8":{"start":{"line":82,"column":16},"end":{"line":82,"column":null}},"9":{"start":{"line":82,"column":46},"end":{"line":82,"column":73}},"10":{"start":{"line":83,"column":15},"end":{"line":85,"column":null}},"11":{"start":{"line":87,"column":22},"end":{"line":87,"column":null}},"12":{"start":{"line":88,"column":21},"end":{"line":88,"column":null}},"13":{"start":{"line":90,"column":43},"end":{"line":100,"column":null}},"14":{"start":{"line":102,"column":24},"end":{"line":102,"column":null}},"15":{"start":{"line":103,"column":21},"end":{"line":103,"column":null}},"16":{"start":{"line":105,"column":19},"end":{"line":105,"column":null}},"17":{"start":{"line":106,"column":25},"end":{"line":106,"column":null}},"18":{"start":{"line":107,"column":24},"end":{"line":107,"column":null}},"19":{"start":{"line":109,"column":2},"end":{"line":125,"column":null}},"20":{"start":{"line":133,"column":44},"end":{"line":133,"column":null}},"21":{"start":{"line":135,"column":2},"end":{"line":147,"column":null}},"22":{"start":{"line":136,"column":4},"end":{"line":140,"column":null}},"23":{"start":{"line":141,"column":9},"end":{"line":147,"column":null}},"24":{"start":{"line":142,"column":4},"end":{"line":146,"column":null}},"25":{"start":{"line":149,"column":2},"end":{"line":155,"column":null}},"26":{"start":{"line":150,"column":4},"end":{"line":154,"column":null}},"27":{"start":{"line":157,"column":2},"end":{"line":169,"column":null}},"28":{"start":{"line":158,"column":4},"end":{"line":162,"column":null}},"29":{"start":{"line":164,"column":4},"end":{"line":168,"column":null}},"30":{"start":{"line":171,"column":2},"end":{"line":177,"column":null}},"31":{"start":{"line":172,"column":4},"end":{"line":176,"column":null}},"32":{"start":{"line":179,"column":2},"end":{"line":188,"column":null}},"33":{"start":{"line":180,"column":4},"end":{"line":187,"column":null}},"34":{"start":{"line":190,"column":2},"end":{"line":190,"column":null}},"35":{"start":{"line":198,"column":17},"end":{"line":198,"column":null}},"36":{"start":{"line":198,"column":51},"end":{"line":198,"column":71}},"37":{"start":{"line":198,"column":86},"end":{"line":198,"column":87}},"38":{"start":{"line":199,"column":15},"end":{"line":199,"column":null}},"39":{"start":{"line":199,"column":49},"end":{"line":199,"column":68}},"40":{"start":{"line":199,"column":83},"end":{"line":199,"column":84}},"41":{"start":{"line":201,"column":2},"end":{"line":203,"column":null}},"42":{"start":{"line":202,"column":4},"end":{"line":202,"column":null}},"43":{"start":{"line":204,"column":2},"end":{"line":206,"column":null}},"44":{"start":{"line":205,"column":4},"end":{"line":205,"column":null}},"45":{"start":{"line":207,"column":2},"end":{"line":207,"column":null}},"46":{"start":{"line":214,"column":46},"end":{"line":214,"column":null}},"47":{"start":{"line":216,"column":2},"end":{"line":222,"column":null}},"48":{"start":{"line":217,"column":4},"end":{"line":221,"column":null}},"49":{"start":{"line":224,"column":2},"end":{"line":236,"column":null}},"50":{"start":{"line":225,"column":4},"end":{"line":229,"column":null}},"51":{"start":{"line":230,"column":9},"end":{"line":236,"column":null}},"52":{"start":{"line":231,"column":4},"end":{"line":235,"column":null}},"53":{"start":{"line":238,"column":2},"end":{"line":238,"column":null}}},"fnMap":{"0":{"name":"hashString","decl":{"start":{"line":56,"column":9},"end":{"line":56,"column":20}},"loc":{"start":{"line":56,"column":39},"end":{"line":60,"column":null}},"line":56},"1":{"name":"seededScore","decl":{"start":{"line":62,"column":9},"end":{"line":62,"column":21}},"loc":{"start":{"line":62,"column":69},"end":{"line":65,"column":null}},"line":62},"2":{"name":"runMockAgentEvaluation","decl":{"start":{"line":67,"column":16},"end":{"line":67,"column":39}},"loc":{"start":{"line":81,"column":16},"end":{"line":126,"column":null}},"line":81},"3":{"name":"(anonymous_3)","decl":{"start":{"line":82,"column":34},"end":{"line":82,"column":40}},"loc":{"start":{"line":82,"column":46},"end":{"line":82,"column":73}},"line":82},"4":{"name":"generateFindings","decl":{"start":{"line":128,"column":9},"end":{"line":128,"column":null}},"loc":{"start":{"line":132,"column":27},"end":{"line":191,"column":null}},"line":132},"5":{"name":"generateRecommendation","decl":{"start":{"line":193,"column":9},"end":{"line":193,"column":null}},"loc":{"start":{"line":197,"column":10},"end":{"line":208,"column":null}},"line":197},"6":{"name":"(anonymous_6)","decl":{"start":{"line":198,"column":40},"end":{"line":198,"column":48}},"loc":{"start":{"line":198,"column":51},"end":{"line":198,"column":71}},"line":198},"7":{"name":"(anonymous_7)","decl":{"start":{"line":198,"column":73},"end":{"line":198,"column":78}},"loc":{"start":{"line":198,"column":86},"end":{"line":198,"column":87}},"line":198},"8":{"name":"(anonymous_8)","decl":{"start":{"line":199,"column":38},"end":{"line":199,"column":46}},"loc":{"start":{"line":199,"column":49},"end":{"line":199,"column":68}},"line":199},"9":{"name":"(anonymous_9)","decl":{"start":{"line":199,"column":70},"end":{"line":199,"column":75}},"loc":{"start":{"line":199,"column":83},"end":{"line":199,"column":84}},"line":199},"10":{"name":"generateValidityFlags","decl":{"start":{"line":210,"column":9},"end":{"line":210,"column":null}},"loc":{"start":{"line":213,"column":32},"end":{"line":239,"column":null}},"line":213}},"branchMap":{"0":{"loc":{"start":{"line":88,"column":21},"end":{"line":88,"column":null}},"type":"cond-expr","locations":[{"start":{"line":88,"column":44},"end":{"line":88,"column":102}},{"start":{"line":88,"column":102},"end":{"line":88,"column":null}}],"line":88},"1":{"loc":{"start":{"line":119,"column":23},"end":{"line":119,"column":null}},"type":"binary-expr","locations":[{"start":{"line":119,"column":23},"end":{"line":119,"column":63}},{"start":{"line":119,"column":63},"end":{"line":119,"column":null}}],"line":119},"2":{"loc":{"start":{"line":135,"column":2},"end":{"line":147,"column":null}},"type":"if","locations":[{"start":{"line":135,"column":2},"end":{"line":147,"column":null}},{"start":{"line":141,"column":9},"end":{"line":147,"column":null}}],"line":135},"3":{"loc":{"start":{"line":135,"column":7},"end":{"line":135,"column":30}},"type":"binary-expr","locations":[{"start":{"line":135,"column":7},"end":{"line":135,"column":25}},{"start":{"line":135,"column":25},"end":{"line":135,"column":30}}],"line":135},"4":{"loc":{"start":{"line":141,"column":9},"end":{"line":147,"column":null}},"type":"if","locations":[{"start":{"line":141,"column":9},"end":{"line":147,"column":null}},{"start":{},"end":{}}],"line":141},"5":{"loc":{"start":{"line":141,"column":14},"end":{"line":141,"column":38}},"type":"binary-expr","locations":[{"start":{"line":141,"column":14},"end":{"line":141,"column":32}},{"start":{"line":141,"column":32},"end":{"line":141,"column":38}}],"line":141},"6":{"loc":{"start":{"line":149,"column":2},"end":{"line":155,"column":null}},"type":"if","locations":[{"start":{"line":149,"column":2},"end":{"line":155,"column":null}},{"start":{},"end":{}}],"line":149},"7":{"loc":{"start":{"line":149,"column":7},"end":{"line":149,"column":28}},"type":"binary-expr","locations":[{"start":{"line":149,"column":7},"end":{"line":149,"column":23}},{"start":{"line":149,"column":23},"end":{"line":149,"column":28}}],"line":149},"8":{"loc":{"start":{"line":157,"column":2},"end":{"line":169,"column":null}},"type":"if","locations":[{"start":{"line":157,"column":2},"end":{"line":169,"column":null}},{"start":{"line":163,"column":9},"end":{"line":169,"column":null}}],"line":157},"9":{"loc":{"start":{"line":157,"column":7},"end":{"line":157,"column":42}},"type":"binary-expr","locations":[{"start":{"line":157,"column":7},"end":{"line":157,"column":36}},{"start":{"line":157,"column":36},"end":{"line":157,"column":42}}],"line":157},"10":{"loc":{"start":{"line":171,"column":2},"end":{"line":177,"column":null}},"type":"if","locations":[{"start":{"line":171,"column":2},"end":{"line":177,"column":null}},{"start":{},"end":{}}],"line":171},"11":{"loc":{"start":{"line":171,"column":6},"end":{"line":171,"column":75}},"type":"binary-expr","locations":[{"start":{"line":171,"column":6},"end":{"line":171,"column":39}},{"start":{"line":171,"column":21},"end":{"line":171,"column":75}}],"line":171},"12":{"loc":{"start":{"line":171,"column":39},"end":{"line":171,"column":70}},"type":"binary-expr","locations":[{"start":{"line":171,"column":39},"end":{"line":171,"column":65}},{"start":{"line":171,"column":65},"end":{"line":171,"column":70}}],"line":171},"13":{"loc":{"start":{"line":179,"column":2},"end":{"line":188,"column":null}},"type":"if","locations":[{"start":{"line":179,"column":2},"end":{"line":188,"column":null}},{"start":{},"end":{}}],"line":179},"14":{"loc":{"start":{"line":181,"column":6},"end":{"line":181,"column":null}},"type":"cond-expr","locations":[{"start":{"line":181,"column":58},"end":{"line":181,"column":66}},{"start":{"line":181,"column":66},"end":{"line":181,"column":null}}],"line":181},"15":{"loc":{"start":{"line":181,"column":17},"end":{"line":181,"column":54}},"type":"binary-expr","locations":[{"start":{"line":181,"column":17},"end":{"line":181,"column":48}},{"start":{"line":181,"column":48},"end":{"line":181,"column":54}}],"line":181},"16":{"loc":{"start":{"line":183,"column":6},"end":{"line":186,"column":null}},"type":"cond-expr","locations":[{"start":{"line":185,"column":12},"end":{"line":185,"column":null}},{"start":{"line":186,"column":12},"end":{"line":186,"column":null}}],"line":183},"17":{"loc":{"start":{"line":184,"column":9},"end":{"line":184,"column":46}},"type":"binary-expr","locations":[{"start":{"line":184,"column":9},"end":{"line":184,"column":40}},{"start":{"line":184,"column":40},"end":{"line":184,"column":46}}],"line":184},"18":{"loc":{"start":{"line":198,"column":59},"end":{"line":198,"column":70}},"type":"binary-expr","locations":[{"start":{"line":198,"column":59},"end":{"line":198,"column":64}},{"start":{"line":198,"column":64},"end":{"line":198,"column":70}}],"line":198},"19":{"loc":{"start":{"line":199,"column":57},"end":{"line":199,"column":67}},"type":"binary-expr","locations":[{"start":{"line":199,"column":57},"end":{"line":199,"column":62}},{"start":{"line":199,"column":62},"end":{"line":199,"column":67}}],"line":199},"20":{"loc":{"start":{"line":201,"column":2},"end":{"line":203,"column":null}},"type":"if","locations":[{"start":{"line":201,"column":2},"end":{"line":203,"column":null}},{"start":{},"end":{}}],"line":201},"21":{"loc":{"start":{"line":204,"column":2},"end":{"line":206,"column":null}},"type":"if","locations":[{"start":{"line":204,"column":2},"end":{"line":206,"column":null}},{"start":{},"end":{}}],"line":204},"22":{"loc":{"start":{"line":216,"column":2},"end":{"line":222,"column":null}},"type":"if","locations":[{"start":{"line":216,"column":2},"end":{"line":222,"column":null}},{"start":{},"end":{}}],"line":216},"23":{"loc":{"start":{"line":224,"column":2},"end":{"line":236,"column":null}},"type":"if","locations":[{"start":{"line":224,"column":2},"end":{"line":236,"column":null}},{"start":{"line":230,"column":9},"end":{"line":236,"column":null}}],"line":224},"24":{"loc":{"start":{"line":224,"column":2},"end":{"line":224,"column":68}},"type":"binary-expr","locations":[{"start":{"line":224,"column":2},"end":{"line":224,"column":38}},{"start":{"line":224,"column":30},"end":{"line":224,"column":68}}],"line":224},"25":{"loc":{"start":{"line":224,"column":7},"end":{"line":224,"column":30}},"type":"binary-expr","locations":[{"start":{"line":224,"column":7},"end":{"line":224,"column":25}},{"start":{"line":224,"column":25},"end":{"line":224,"column":30}}],"line":224},"26":{"loc":{"start":{"line":224,"column":38},"end":{"line":224,"column":63}},"type":"binary-expr","locations":[{"start":{"line":224,"column":38},"end":{"line":224,"column":58}},{"start":{"line":224,"column":58},"end":{"line":224,"column":63}}],"line":224},"27":{"loc":{"start":{"line":230,"column":9},"end":{"line":236,"column":null}},"type":"if","locations":[{"start":{"line":230,"column":9},"end":{"line":236,"column":null}},{"start":{},"end":{}}],"line":230},"28":{"loc":{"start":{"line":230,"column":14},"end":{"line":230,"column":35}},"type":"binary-expr","locations":[{"start":{"line":230,"column":14},"end":{"line":230,"column":30}},{"start":{"line":230,"column":30},"end":{"line":230,"column":35}}],"line":230}},"s":{"0":0,"1":0,"2":0,"3":0,"4":0,"5":0,"6":0,"7":0,"8":0,"9":0,"10":0,"11":0,"12":0,"13":0,"14":0,"15":0,"16":0,"17":0,"18":0,"19":0,"20":0,"21":0,"22":0,"23":0,"24":0,"25":0,"26":0,"27":0,"28":0,"29":0,"30":0,"31":0,"32":0,"33":0,"34":0,"35":0,"36":0,"37":0,"38":0,"39":0,"40":0,"41":0,"42":0,"43":0,"44":0,"45":0,"46":0,"47":0,"48":0,"49":0,"50":0,"51":0,"52":0,"53":0},"f":{"0":0,"1":0,"2":0,"3":0,"4":0,"5":0,"6":0,"7":0,"8":0,"9":0,"10":0},"b":{"0":[0,0],"1":[0,0],"2":[0,0],"3":[0,0],"4":[0,0],"5":[0,0],"6":[0,0],"7":[0,0],"8":[0,0],"9":[0,0],"10":[0,0],"11":[0,0],"12":[0,0],"13":[0,0],"14":[0,0],"15":[0,0],"16":[0,0],"17":[0,0],"18":[0,0],"19":[0,0],"20":[0,0],"21":[0,0],"22":[0,0],"23":[0,0],"24":[0,0],"25":[0,0],"26":[0,0],"27":[0,0],"28":[0,0]},"meta":{"lastBranch":29,"lastFunction":11,"lastStatement":54,"seen":{"s:11:52:54:Infinity":0,"f:56:9:56:20":0,"s:57:10:57:Infinity":1,"s:58:2:58:Infinity":2,"s:58:15:58:18":3,"s:58:37:58:Infinity":4,"s:59:2:59:Infinity":5,"f:62:9:62:21":1,"s:63:13:63:Infinity":6,"s:64:2:64:Infinity":7,"f:67:16:67:39":2,"s:82:16:82:Infinity":8,"f:82:34:82:40":3,"s:82:46:82:73":9,"s:83:15:85:Infinity":10,"s:87:22:87:Infinity":11,"s:88:21:88:Infinity":12,"b:88:44:88:102:88:102:88:Infinity":0,"s:90:43:100:Infinity":13,"s:102:24:102:Infinity":14,"s:103:21:103:Infinity":15,"s:105:19:105:Infinity":16,"s:106:25:106:Infinity":17,"s:107:24:107:Infinity":18,"s:109:2:125:Infinity":19,"b:119:23:119:63:119:63:119:Infinity":1,"f:128:9:128:Infinity":4,"s:133:44:133:Infinity":20,"b:135:2:147:Infinity:141:9:147:Infinity":2,"s:135:2:147:Infinity":21,"b:135:7:135:25:135:25:135:30":3,"s:136:4:140:Infinity":22,"b:141:9:147:Infinity:undefined:undefined:undefined:undefined":4,"s:141:9:147:Infinity":23,"b:141:14:141:32:141:32:141:38":5,"s:142:4:146:Infinity":24,"b:149:2:155:Infinity:undefined:undefined:undefined:undefined":6,"s:149:2:155:Infinity":25,"b:149:7:149:23:149:23:149:28":7,"s:150:4:154:Infinity":26,"b:157:2:169:Infinity:163:9:169:Infinity":8,"s:157:2:169:Infinity":27,"b:157:7:157:36:157:36:157:42":9,"s:158:4:162:Infinity":28,"s:164:4:168:Infinity":29,"b:171:2:177:Infinity:undefined:undefined:undefined:undefined":10,"s:171:2:177:Infinity":30,"b:171:6:171:39:171:21:171:75":11,"b:171:39:171:65:171:65:171:70":12,"s:172:4:176:Infinity":31,"b:179:2:188:Infinity:undefined:undefined:undefined:undefined":13,"s:179:2:188:Infinity":32,"s:180:4:187:Infinity":33,"b:181:58:181:66:181:66:181:Infinity":14,"b:181:17:181:48:181:48:181:54":15,"b:185:12:185:Infinity:186:12:186:Infinity":16,"b:184:9:184:40:184:40:184:46":17,"s:190:2:190:Infinity":34,"f:193:9:193:Infinity":5,"s:198:17:198:Infinity":35,"f:198:40:198:48":6,"s:198:51:198:71":36,"b:198:59:198:64:198:64:198:70":18,"f:198:73:198:78":7,"s:198:86:198:87":37,"s:199:15:199:Infinity":38,"f:199:38:199:46":8,"s:199:49:199:68":39,"b:199:57:199:62:199:62:199:67":19,"f:199:70:199:75":9,"s:199:83:199:84":40,"b:201:2:203:Infinity:undefined:undefined:undefined:undefined":20,"s:201:2:203:Infinity":41,"s:202:4:202:Infinity":42,"b:204:2:206:Infinity:undefined:undefined:undefined:undefined":21,"s:204:2:206:Infinity":43,"s:205:4:205:Infinity":44,"s:207:2:207:Infinity":45,"f:210:9:210:Infinity":10,"s:214:46:214:Infinity":46,"b:216:2:222:Infinity:undefined:undefined:undefined:undefined":22,"s:216:2:222:Infinity":47,"s:217:4:221:Infinity":48,"b:224:2:236:Infinity:230:9:236:Infinity":23,"s:224:2:236:Infinity":49,"b:224:2:224:38:224:30:224:68":24,"b:224:7:224:25:224:25:224:30":25,"b:224:38:224:58:224:58:224:63":26,"s:225:4:229:Infinity":50,"b:230:9:236:Infinity:undefined:undefined:undefined:undefined":27,"s:230:9:236:Infinity":51,"b:230:14:230:30:230:30:230:35":28,"s:231:4:235:Infinity":52,"s:238:2:238:Infinity":53},"fnNames":{}}}
,"/Users/sarthak/Desktop/fleet/taste/src/lib/api.ts": {"path":"/Users/sarthak/Desktop/fleet/taste/src/lib/api.ts","statementMap":{"0":{"start":{"line":5,"column":17},"end":{"line":5,"column":null}},"1":{"start":{"line":8,"column":14},"end":{"line":14,"column":null}},"2":{"start":{"line":15,"column":2},"end":{"line":18,"column":null}},"3":{"start":{"line":16,"column":16},"end":{"line":16,"column":null}},"4":{"start":{"line":16,"column":46},"end":{"line":16,"column":72}},"5":{"start":{"line":17,"column":4},"end":{"line":17,"column":null}},"6":{"start":{"line":19,"column":2},"end":{"line":19,"column":null}},"7":{"start":{"line":85,"column":19},"end":{"line":180,"column":null}},"8":{"start":{"line":86,"column":16},"end":{"line":86,"column":null}},"9":{"start":{"line":89,"column":4},"end":{"line":89,"column":null}},"10":{"start":{"line":92,"column":4},"end":{"line":100,"column":null}},"11":{"start":{"line":103,"column":4},"end":{"line":106,"column":null}},"12":{"start":{"line":109,"column":4},"end":{"line":109,"column":null}},"13":{"start":{"line":112,"column":4},"end":{"line":112,"column":null}},"14":{"start":{"line":125,"column":4},"end":{"line":128,"column":null}},"15":{"start":{"line":130,"column":34},"end":{"line":130,"column":null}},"16":{"start":{"line":133,"column":4},"end":{"line":136,"column":null}},"17":{"start":{"line":139,"column":4},"end":{"line":142,"column":null}},"18":{"start":{"line":145,"column":4},"end":{"line":145,"column":null}},"19":{"start":{"line":148,"column":4},"end":{"line":150,"column":null}},"20":{"start":{"line":152,"column":25},"end":{"line":152,"column":null}},"21":{"start":{"line":154,"column":36},"end":{"line":159,"column":null}},"22":{"start":{"line":162,"column":4},"end":{"line":165,"column":null}},"23":{"start":{"line":167,"column":24},"end":{"line":167,"column":null}},"24":{"start":{"line":170,"column":4},"end":{"line":173,"column":null}},"25":{"start":{"line":176,"column":4},"end":{"line":179,"column":null}},"26":{"start":{"line":182,"column":33},"end":{"line":182,"column":null}}},"fnMap":{"0":{"name":"request","decl":{"start":{"line":7,"column":15},"end":{"line":7,"column":26}},"loc":{"start":{"line":7,"column":75},"end":{"line":20,"column":null}},"line":7},"1":{"name":"(anonymous_1)","decl":{"start":{"line":16,"column":33},"end":{"line":16,"column":46}},"loc":{"start":{"line":16,"column":46},"end":{"line":16,"column":72}},"line":16},"2":{"name":"(anonymous_2)","decl":{"start":{"line":86,"column":2},"end":{"line":86,"column":16}},"loc":{"start":{"line":86,"column":16},"end":{"line":86,"column":null}},"line":86},"3":{"name":"(anonymous_3)","decl":{"start":{"line":88,"column":2},"end":{"line":88,"column":15}},"loc":{"start":{"line":89,"column":4},"end":{"line":89,"column":null}},"line":89},"4":{"name":"(anonymous_4)","decl":{"start":{"line":91,"column":2},"end":{"line":91,"column":13}},"loc":{"start":{"line":92,"column":4},"end":{"line":100,"column":null}},"line":92},"5":{"name":"(anonymous_5)","decl":{"start":{"line":102,"column":2},"end":{"line":102,"column":16}},"loc":{"start":{"line":103,"column":4},"end":{"line":106,"column":null}},"line":103},"6":{"name":"(anonymous_6)","decl":{"start":{"line":108,"column":2},"end":{"line":108,"column":16}},"loc":{"start":{"line":109,"column":4},"end":{"line":109,"column":null}},"line":109},"7":{"name":"(anonymous_7)","decl":{"start":{"line":111,"column":2},"end":{"line":111,"column":17}},"loc":{"start":{"line":112,"column":4},"end":{"line":112,"column":null}},"line":112},"8":{"name":"(anonymous_8)","decl":{"start":{"line":114,"column":2},"end":{"line":114,"column":null}},"loc":{"start":{"line":125,"column":4},"end":{"line":128,"column":null}},"line":125},"9":{"name":"(anonymous_9)","decl":{"start":{"line":130,"column":2},"end":{"line":130,"column":14}},"loc":{"start":{"line":130,"column":34},"end":{"line":130,"column":null}},"line":130},"10":{"name":"(anonymous_10)","decl":{"start":{"line":132,"column":2},"end":{"line":132,"column":18}},"loc":{"start":{"line":133,"column":4},"end":{"line":136,"column":null}},"line":133},"11":{"name":"(anonymous_11)","decl":{"start":{"line":138,"column":2},"end":{"line":138,"column":18}},"loc":{"start":{"line":139,"column":4},"end":{"line":142,"column":null}},"line":139},"12":{"name":"(anonymous_12)","decl":{"start":{"line":144,"column":2},"end":{"line":144,"column":18}},"loc":{"start":{"line":145,"column":4},"end":{"line":145,"column":null}},"line":145},"13":{"name":"(anonymous_13)","decl":{"start":{"line":147,"column":2},"end":{"line":147,"column":null}},"loc":{"start":{"line":148,"column":4},"end":{"line":150,"column":null}},"line":148},"14":{"name":"(anonymous_14)","decl":{"start":{"line":152,"column":2},"end":{"line":152,"column":25}},"loc":{"start":{"line":152,"column":25},"end":{"line":152,"column":null}},"line":152},"15":{"name":"(anonymous_15)","decl":{"start":{"line":154,"column":2},"end":{"line":154,"column":19}},"loc":{"start":{"line":154,"column":36},"end":{"line":159,"column":null}},"line":154},"16":{"name":"(anonymous_16)","decl":{"start":{"line":161,"column":2},"end":{"line":161,"column":14}},"loc":{"start":{"line":162,"column":4},"end":{"line":165,"column":null}},"line":162},"17":{"name":"(anonymous_17)","decl":{"start":{"line":167,"column":2},"end":{"line":167,"column":24}},"loc":{"start":{"line":167,"column":24},"end":{"line":167,"column":null}},"line":167},"18":{"name":"(anonymous_18)","decl":{"start":{"line":169,"column":2},"end":{"line":169,"column":null}},"loc":{"start":{"line":170,"column":4},"end":{"line":173,"column":null}},"line":170},"19":{"name":"(anonymous_19)","decl":{"start":{"line":175,"column":2},"end":{"line":175,"column":19}},"loc":{"start":{"line":176,"column":4},"end":{"line":179,"column":null}},"line":176}},"branchMap":{"0":{"loc":{"start":{"line":15,"column":2},"end":{"line":18,"column":null}},"type":"if","locations":[{"start":{"line":15,"column":2},"end":{"line":18,"column":null}},{"start":{},"end":{}}],"line":15},"1":{"loc":{"start":{"line":17,"column":21},"end":{"line":17,"column":73}},"type":"binary-expr","locations":[{"start":{"line":17,"column":21},"end":{"line":17,"column":57}},{"start":{"line":17,"column":57},"end":{"line":17,"column":73}}],"line":17},"2":{"loc":{"start":{"line":89,"column":32},"end":{"line":89,"column":82}},"type":"cond-expr","locations":[{"start":{"line":89,"column":46},"end":{"line":89,"column":78}},{"start":{"line":89,"column":78},"end":{"line":89,"column":82}}],"line":89}},"s":{"0":0,"1":0,"2":0,"3":0,"4":0,"5":0,"6":0,"7":0,"8":0,"9":0,"10":0,"11":0,"12":0,"13":0,"14":0,"15":0,"16":0,"17":0,"18":0,"19":0,"20":0,"21":0,"22":0,"23":0,"24":0,"25":0,"26":0},"f":{"0":0,"1":0,"2":0,"3":0,"4":0,"5":0,"6":0,"7":0,"8":0,"9":0,"10":0,"11":0,"12":0,"13":0,"14":0,"15":0,"16":0,"17":0,"18":0,"19":0},"b":{"0":[0,0],"1":[0,0],"2":[0,0]},"meta":{"lastBranch":3,"lastFunction":20,"lastStatement":27,"seen":{"s:5:17:5:Infinity":0,"f:7:15:7:26":0,"s:8:14:14:Infinity":1,"b:15:2:18:Infinity:undefined:undefined:undefined:undefined":0,"s:15:2:18:Infinity":2,"s:16:16:16:Infinity":3,"f:16:33:16:46":1,"s:16:46:16:72":4,"s:17:4:17:Infinity":5,"b:17:21:17:57:17:57:17:73":1,"s:19:2:19:Infinity":6,"s:85:19:180:Infinity":7,"f:86:2:86:16":2,"s:86:16:86:Infinity":8,"f:88:2:88:15":3,"s:89:4:89:Infinity":9,"b:89:46:89:78:89:78:89:82":2,"f:91:2:91:13":4,"s:92:4:100:Infinity":10,"f:102:2:102:16":5,"s:103:4:106:Infinity":11,"f:108:2:108:16":6,"s:109:4:109:Infinity":12,"f:111:2:111:17":7,"s:112:4:112:Infinity":13,"f:114:2:114:Infinity":8,"s:125:4:128:Infinity":14,"f:130:2:130:14":9,"s:130:34:130:Infinity":15,"f:132:2:132:18":10,"s:133:4:136:Infinity":16,"f:138:2:138:18":11,"s:139:4:142:Infinity":17,"f:144:2:144:18":12,"s:145:4:145:Infinity":18,"f:147:2:147:Infinity":13,"s:148:4:150:Infinity":19,"f:152:2:152:25":14,"s:152:25:152:Infinity":20,"f:154:2:154:19":15,"s:154:36:159:Infinity":21,"f:161:2:161:14":16,"s:162:4:165:Infinity":22,"f:167:2:167:24":17,"s:167:24:167:Infinity":23,"f:169:2:169:Infinity":18,"s:170:4:173:Infinity":24,"f:175:2:175:19":19,"s:176:4:179:Infinity":25,"s:182:33:182:Infinity":26},"fnNames":{}}}
,"/Users/sarthak/Desktop/fleet/taste/src/lib/evaluationOverlay.ts": {"path":"/Users/sarthak/Desktop/fleet/taste/src/lib/evaluationOverlay.ts","statementMap":{"0":{"start":{"line":9,"column":4},"end":{"line":10,"column":null}},"1":{"start":{"line":10,"column":31},"end":{"line":10,"column":76}},"2":{"start":{"line":12,"column":19},"end":{"line":12,"column":null}},"3":{"start":{"line":12,"column":46},"end":{"line":12,"column":65}},"4":{"start":{"line":13,"column":2},"end":{"line":17,"column":null}},"5":{"start":{"line":24,"column":15},"end":{"line":24,"column":null}},"6":{"start":{"line":25,"column":16},"end":{"line":25,"column":null}},"7":{"start":{"line":26,"column":21},"end":{"line":26,"column":null}},"8":{"start":{"line":26,"column":57},"end":{"line":26,"column":70}},"9":{"start":{"line":27,"column":19},"end":{"line":27,"column":null}},"10":{"start":{"line":28,"column":21},"end":{"line":28,"column":null}},"11":{"start":{"line":30,"column":2},"end":{"line":34,"column":null}}},"fnMap":{"0":{"name":"resultFromLaunchResponse","decl":{"start":{"line":4,"column":16},"end":{"line":4,"column":41}},"loc":{"start":{"line":7,"column":3},"end":{"line":18,"column":null}},"line":7},"1":{"name":"(anonymous_1)","decl":{"start":{"line":10,"column":19},"end":{"line":10,"column":25}},"loc":{"start":{"line":10,"column":31},"end":{"line":10,"column":76}},"line":10},"2":{"name":"(anonymous_2)","decl":{"start":{"line":12,"column":34},"end":{"line":12,"column":39}},"loc":{"start":{"line":12,"column":46},"end":{"line":12,"column":65}},"line":12},"3":{"name":"resultFromSimulation","decl":{"start":{"line":20,"column":16},"end":{"line":20,"column":37}},"loc":{"start":{"line":23,"column":3},"end":{"line":35,"column":null}},"line":23},"4":{"name":"(anonymous_4)","decl":{"start":{"line":26,"column":40},"end":{"line":26,"column":48}},"loc":{"start":{"line":26,"column":57},"end":{"line":26,"column":70}},"line":26}},"branchMap":{"0":{"loc":{"start":{"line":9,"column":4},"end":{"line":10,"column":null}},"type":"binary-expr","locations":[{"start":{"line":9,"column":4},"end":{"line":9,"column":null}},{"start":{"line":10,"column":4},"end":{"line":10,"column":null}}],"line":9},"1":{"loc":{"start":{"line":12,"column":19},"end":{"line":12,"column":null}},"type":"binary-expr","locations":[{"start":{"line":12,"column":19},"end":{"line":12,"column":70}},{"start":{"line":12,"column":70},"end":{"line":12,"column":null}}],"line":12},"2":{"loc":{"start":{"line":24,"column":15},"end":{"line":24,"column":null}},"type":"binary-expr","locations":[{"start":{"line":24,"column":15},"end":{"line":24,"column":43}},{"start":{"line":24,"column":43},"end":{"line":24,"column":null}}],"line":24},"3":{"loc":{"start":{"line":27,"column":19},"end":{"line":27,"column":null}},"type":"binary-expr","locations":[{"start":{"line":27,"column":19},"end":{"line":27,"column":51}},{"start":{"line":27,"column":51},"end":{"line":27,"column":null}}],"line":27},"4":{"loc":{"start":{"line":28,"column":21},"end":{"line":28,"column":null}},"type":"cond-expr","locations":[{"start":{"line":28,"column":34},"end":{"line":28,"column":58}},{"start":{"line":28,"column":58},"end":{"line":28,"column":null}}],"line":28}},"s":{"0":0,"1":0,"2":0,"3":0,"4":0,"5":0,"6":0,"7":0,"8":0,"9":0,"10":0,"11":0},"f":{"0":0,"1":0,"2":0,"3":0,"4":0},"b":{"0":[0,0],"1":[0,0],"2":[0,0],"3":[0,0],"4":[0,0]},"meta":{"lastBranch":5,"lastFunction":5,"lastStatement":12,"seen":{"f:4:16:4:41":0,"s:9:4:10:Infinity":0,"b:9:4:9:Infinity:10:4:10:Infinity":0,"f:10:19:10:25":1,"s:10:31:10:76":1,"s:12:19:12:Infinity":2,"b:12:19:12:70:12:70:12:Infinity":1,"f:12:34:12:39":2,"s:12:46:12:65":3,"s:13:2:17:Infinity":4,"f:20:16:20:37":3,"s:24:15:24:Infinity":5,"b:24:15:24:43:24:43:24:Infinity":2,"s:25:16:25:Infinity":6,"s:26:21:26:Infinity":7,"f:26:40:26:48":4,"s:26:57:26:70":8,"s:27:19:27:Infinity":9,"b:27:19:27:51:27:51:27:Infinity":3,"s:28:21:28:Infinity":10,"b:28:34:28:58:28:58:28:Infinity":4,"s:30:2:34:Infinity":11},"fnNames":{}}}
,"/Users/sarthak/Desktop/fleet/taste/src/lib/evaluators.ts": {"path":"/Users/sarthak/Desktop/fleet/taste/src/lib/evaluators.ts","statementMap":{"0":{"start":{"line":12,"column":57},"end":{"line":20,"column":null}},"1":{"start":{"line":23,"column":10},"end":{"line":23,"column":null}},"2":{"start":{"line":24,"column":2},"end":{"line":24,"column":null}},"3":{"start":{"line":24,"column":15},"end":{"line":24,"column":18}},"4":{"start":{"line":24,"column":37},"end":{"line":24,"column":null}},"5":{"start":{"line":25,"column":2},"end":{"line":25,"column":null}},"6":{"start":{"line":33,"column":15},"end":{"line":33,"column":null}},"7":{"start":{"line":34,"column":15},"end":{"line":34,"column":null}},"8":{"start":{"line":35,"column":18},"end":{"line":35,"column":null}},"9":{"start":{"line":36,"column":8},"end":{"line":36,"column":null}},"10":{"start":{"line":36,"column":31},"end":{"line":36,"column":null}},"11":{"start":{"line":38,"column":2},"end":{"line":48,"column":null}},"12":{"start":{"line":80,"column":15},"end":{"line":80,"column":null}},"13":{"start":{"line":82,"column":2},"end":{"line":118,"column":null}},"14":{"start":{"line":83,"column":27},"end":{"line":97,"column":null}},"15":{"start":{"line":84,"column":21},"end":{"line":84,"column":null}},"16":{"start":{"line":85,"column":12},"end":{"line":85,"column":null}},"17":{"start":{"line":86,"column":6},"end":{"line":96,"column":null}},"18":{"start":{"line":99,"column":19},"end":{"line":99,"column":null}},"19":{"start":{"line":99,"column":54},"end":{"line":99,"column":75}},"20":{"start":{"line":100,"column":19},"end":{"line":100,"column":null}},"21":{"start":{"line":101,"column":23},"end":{"line":101,"column":null}},"22":{"start":{"line":104,"column":6},"end":{"line":106,"column":null}},"23":{"start":{"line":108,"column":4},"end":{"line":117,"column":null}}},"fnMap":{"0":{"name":"hashString","decl":{"start":{"line":22,"column":9},"end":{"line":22,"column":20}},"loc":{"start":{"line":22,"column":39},"end":{"line":26,"column":null}},"line":22},"1":{"name":"simulateHumanScores","decl":{"start":{"line":28,"column":16},"end":{"line":28,"column":null}},"loc":{"start":{"line":32,"column":19},"end":{"line":49,"column":null}},"line":32},"2":{"name":"(anonymous_2)","decl":{"start":{"line":36,"column":8},"end":{"line":36,"column":17}},"loc":{"start":{"line":36,"column":31},"end":{"line":36,"column":null}},"line":36},"3":{"name":"runHumanSimulation","decl":{"start":{"line":72,"column":16},"end":{"line":72,"column":35}},"loc":{"start":{"line":79,"column":22},"end":{"line":119,"column":null}},"line":79},"4":{"name":"(anonymous_4)","decl":{"start":{"line":82,"column":14},"end":{"line":82,"column":19}},"loc":{"start":{"line":82,"column":30},"end":{"line":118,"column":3}},"line":82},"5":{"name":"(anonymous_5)","decl":{"start":{"line":83,"column":43},"end":{"line":83,"column":48}},"loc":{"start":{"line":83,"column":58},"end":{"line":97,"column":5}},"line":83},"6":{"name":"(anonymous_6)","decl":{"start":{"line":99,"column":39},"end":{"line":99,"column":45}},"loc":{"start":{"line":99,"column":54},"end":{"line":99,"column":75}},"line":99}},"branchMap":{"0":{"loc":{"start":{"line":34,"column":22},"end":{"line":34,"column":null}},"type":"cond-expr","locations":[{"start":{"line":34,"column":43},"end":{"line":34,"column":49}},{"start":{"line":34,"column":49},"end":{"line":34,"column":null}}],"line":34},"1":{"loc":{"start":{"line":34,"column":49},"end":{"line":34,"column":null}},"type":"cond-expr","locations":[{"start":{"line":34,"column":70},"end":{"line":34,"column":76}},{"start":{"line":34,"column":76},"end":{"line":34,"column":null}}],"line":34},"2":{"loc":{"start":{"line":80,"column":15},"end":{"line":80,"column":null}},"type":"binary-expr","locations":[{"start":{"line":80,"column":15},"end":{"line":80,"column":39}},{"start":{"line":80,"column":39},"end":{"line":80,"column":null}}],"line":80},"3":{"loc":{"start":{"line":93,"column":24},"end":{"line":93,"column":null}},"type":"cond-expr","locations":[{"start":{"line":93,"column":46},"end":{"line":93,"column":77}},{"start":{"line":93,"column":77},"end":{"line":93,"column":null}}],"line":93},"4":{"loc":{"start":{"line":94,"column":23},"end":{"line":94,"column":null}},"type":"cond-expr","locations":[{"start":{"line":94,"column":42},"end":{"line":94,"column":83}},{"start":{"line":94,"column":83},"end":{"line":94,"column":null}}],"line":94},"5":{"loc":{"start":{"line":95,"column":24},"end":{"line":95,"column":null}},"type":"cond-expr","locations":[{"start":{"line":95,"column":45},"end":{"line":95,"column":87}},{"start":{"line":95,"column":87},"end":{"line":95,"column":null}}],"line":95},"6":{"loc":{"start":{"line":104,"column":6},"end":{"line":106,"column":null}},"type":"cond-expr","locations":[{"start":{"line":105,"column":10},"end":{"line":105,"column":null}},{"start":{"line":106,"column":10},"end":{"line":106,"column":null}}],"line":104}},"s":{"0":0,"1":0,"2":0,"3":0,"4":0,"5":0,"6":0,"7":0,"8":0,"9":0,"10":0,"11":0,"12":0,"13":0,"14":0,"15":0,"16":0,"17":0,"18":0,"19":0,"20":0,"21":0,"22":0,"23":0},"f":{"0":0,"1":0,"2":0,"3":0,"4":0,"5":0,"6":0},"b":{"0":[0,0],"1":[0,0],"2":[0,0],"3":[0,0],"4":[0,0],"5":[0,0],"6":[0,0]},"meta":{"lastBranch":7,"lastFunction":7,"lastStatement":24,"seen":{"s:12:57:20:Infinity":0,"f:22:9:22:20":0,"s:23:10:23:Infinity":1,"s:24:2:24:Infinity":2,"s:24:15:24:18":3,"s:24:37:24:Infinity":4,"s:25:2:25:Infinity":5,"f:28:16:28:Infinity":1,"s:33:15:33:Infinity":6,"s:34:15:34:Infinity":7,"b:34:43:34:49:34:49:34:Infinity":0,"b:34:70:34:76:34:76:34:Infinity":1,"s:35:18:35:Infinity":8,"s:36:8:36:Infinity":9,"f:36:8:36:17":2,"s:36:31:36:Infinity":10,"s:38:2:48:Infinity":11,"f:72:16:72:35":3,"s:80:15:80:Infinity":12,"b:80:15:80:39:80:39:80:Infinity":2,"s:82:2:118:Infinity":13,"f:82:14:82:19":4,"s:83:27:97:Infinity":14,"f:83:43:83:48":5,"s:84:21:84:Infinity":15,"s:85:12:85:Infinity":16,"s:86:6:96:Infinity":17,"b:93:46:93:77:93:77:93:Infinity":3,"b:94:42:94:83:94:83:94:Infinity":4,"b:95:45:95:87:95:87:95:Infinity":5,"s:99:19:99:Infinity":18,"f:99:39:99:45":6,"s:99:54:99:75":19,"s:100:19:100:Infinity":20,"s:101:23:101:Infinity":21,"s:104:6:106:Infinity":22,"b:105:10:105:Infinity:106:10:106:Infinity":6,"s:108:4:117:Infinity":23},"fnNames":{}}}
,"/Users/sarthak/Desktop/fleet/taste/src/lib/report.ts": {"path":"/Users/sarthak/Desktop/fleet/taste/src/lib/report.ts","statementMap":{"0":{"start":{"line":44,"column":17},"end":{"line":44,"column":null}},"1":{"start":{"line":45,"column":19},"end":{"line":45,"column":null}},"2":{"start":{"line":46,"column":17},"end":{"line":46,"column":null}},"3":{"start":{"line":46,"column":46},"end":{"line":46,"column":73}},"4":{"start":{"line":49,"column":4},"end":{"line":51,"column":null}},"5":{"start":{"line":53,"column":21},"end":{"line":53,"column":null}},"6":{"start":{"line":55,"column":35},"end":{"line":61,"column":null}},"7":{"start":{"line":63,"column":2},"end":{"line":67,"column":null}},"8":{"start":{"line":64,"column":4},"end":{"line":65,"column":null}},"9":{"start":{"line":66,"column":4},"end":{"line":66,"column":null}},"10":{"start":{"line":66,"column":31},"end":{"line":66,"column":null}},"11":{"start":{"line":68,"column":2},"end":{"line":78,"column":null}},"12":{"start":{"line":72,"column":4},"end":{"line":72,"column":null}},"13":{"start":{"line":74,"column":6},"end":{"line":76,"column":null}},"14":{"start":{"line":77,"column":4},"end":{"line":77,"column":null}},"15":{"start":{"line":80,"column":23},"end":{"line":80,"column":null}},"16":{"start":{"line":81,"column":27},"end":{"line":81,"column":null}},"17":{"start":{"line":82,"column":21},"end":{"line":82,"column":null}},"18":{"start":{"line":83,"column":24},"end":{"line":83,"column":null}},"19":{"start":{"line":84,"column":22},"end":{"line":84,"column":null}},"20":{"start":{"line":86,"column":20},"end":{"line":86,"column":null}},"21":{"start":{"line":86,"column":38},"end":{"line":86,"column":65}},"22":{"start":{"line":88,"column":2},"end":{"line":137,"column":null}},"23":{"start":{"line":132,"column":84},"end":{"line":132,"column":109}},"24":{"start":{"line":145,"column":28},"end":{"line":145,"column":null}},"25":{"start":{"line":147,"column":2},"end":{"line":149,"column":null}},"26":{"start":{"line":148,"column":4},"end":{"line":148,"column":null}},"27":{"start":{"line":150,"column":2},"end":{"line":152,"column":null}},"28":{"start":{"line":151,"column":4},"end":{"line":151,"column":null}},"29":{"start":{"line":153,"column":2},"end":{"line":155,"column":null}},"30":{"start":{"line":154,"column":4},"end":{"line":154,"column":null}},"31":{"start":{"line":156,"column":2},"end":{"line":158,"column":null}},"32":{"start":{"line":157,"column":4},"end":{"line":157,"column":null}},"33":{"start":{"line":159,"column":2},"end":{"line":161,"column":null}},"34":{"start":{"line":160,"column":4},"end":{"line":160,"column":null}},"35":{"start":{"line":162,"column":2},"end":{"line":167,"column":null}},"36":{"start":{"line":163,"column":19},"end":{"line":163,"column":null}},"37":{"start":{"line":163,"column":60},"end":{"line":163,"column":90}},"38":{"start":{"line":164,"column":4},"end":{"line":166,"column":null}},"39":{"start":{"line":165,"column":6},"end":{"line":165,"column":null}},"40":{"start":{"line":168,"column":2},"end":{"line":170,"column":null}},"41":{"start":{"line":169,"column":4},"end":{"line":169,"column":null}},"42":{"start":{"line":171,"column":2},"end":{"line":173,"column":null}},"43":{"start":{"line":172,"column":4},"end":{"line":172,"column":null}},"44":{"start":{"line":174,"column":2},"end":{"line":174,"column":null}},"45":{"start":{"line":182,"column":31},"end":{"line":182,"column":null}},"46":{"start":{"line":183,"column":2},"end":{"line":185,"column":null}},"47":{"start":{"line":184,"column":4},"end":{"line":184,"column":null}},"48":{"start":{"line":186,"column":2},"end":{"line":188,"column":null}},"49":{"start":{"line":187,"column":4},"end":{"line":187,"column":null}},"50":{"start":{"line":190,"column":24},"end":{"line":193,"column":null}},"51":{"start":{"line":191,"column":19},"end":{"line":191,"column":51}},"52":{"start":{"line":192,"column":20},"end":{"line":192,"column":30}},"53":{"start":{"line":193,"column":19},"end":{"line":193,"column":61}},"54":{"start":{"line":195,"column":2},"end":{"line":195,"column":null}},"55":{"start":{"line":195,"column":28},"end":{"line":195,"column":null}},"56":{"start":{"line":196,"column":29},"end":{"line":198,"column":null}},"57":{"start":{"line":197,"column":19},"end":{"line":197,"column":84}},"58":{"start":{"line":199,"column":2},"end":{"line":203,"column":null}},"59":{"start":{"line":200,"column":4},"end":{"line":202,"column":null}},"60":{"start":{"line":205,"column":21},"end":{"line":205,"column":null}},"61":{"start":{"line":205,"column":71},"end":{"line":205,"column":90}},"62":{"start":{"line":206,"column":2},"end":{"line":206,"column":null}},"63":{"start":{"line":206,"column":25},"end":{"line":206,"column":null}},"64":{"start":{"line":208,"column":2},"end":{"line":210,"column":null}},"65":{"start":{"line":209,"column":4},"end":{"line":209,"column":null}},"66":{"start":{"line":211,"column":2},"end":{"line":211,"column":null}},"67":{"start":{"line":215,"column":21},"end":{"line":215,"column":null}},"68":{"start":{"line":215,"column":53},"end":{"line":215,"column":80}},"69":{"start":{"line":216,"column":2},"end":{"line":223,"column":null}},"70":{"start":{"line":217,"column":31},"end":{"line":217,"column":null}},"71":{"start":{"line":218,"column":4},"end":{"line":218,"column":null}},"72":{"start":{"line":218,"column":34},"end":{"line":218,"column":null}},"73":{"start":{"line":219,"column":4},"end":{"line":219,"column":null}},"74":{"start":{"line":219,"column":29},"end":{"line":219,"column":null}},"75":{"start":{"line":220,"column":4},"end":{"line":220,"column":null}},"76":{"start":{"line":220,"column":38},"end":{"line":220,"column":null}},"77":{"start":{"line":221,"column":4},"end":{"line":221,"column":null}},"78":{"start":{"line":221,"column":31},"end":{"line":221,"column":null}},"79":{"start":{"line":222,"column":4},"end":{"line":222,"column":null}},"80":{"start":{"line":230,"column":20},"end":{"line":230,"column":null}},"81":{"start":{"line":231,"column":2},"end":{"line":235,"column":null}},"82":{"start":{"line":232,"column":17},"end":{"line":232,"column":null}},"83":{"start":{"line":233,"column":4},"end":{"line":233,"column":null}},"84":{"start":{"line":234,"column":4},"end":{"line":234,"column":null}},"85":{"start":{"line":237,"column":30},"end":{"line":237,"column":null}},"86":{"start":{"line":238,"column":33},"end":{"line":238,"column":null}},"87":{"start":{"line":240,"column":2},"end":{"line":252,"column":null}},"88":{"start":{"line":241,"column":17},"end":{"line":241,"column":null}},"89":{"start":{"line":243,"column":6},"end":{"line":245,"column":null}},"90":{"start":{"line":244,"column":32},"end":{"line":244,"column":64}},"91":{"start":{"line":246,"column":4},"end":{"line":251,"column":null}},"92":{"start":{"line":247,"column":25},"end":{"line":247,"column":null}},"93":{"start":{"line":247,"column":45},"end":{"line":247,"column":55}},"94":{"start":{"line":247,"column":69},"end":{"line":247,"column":90}},"95":{"start":{"line":248,"column":6},"end":{"line":250,"column":null}},"96":{"start":{"line":254,"column":23},"end":{"line":254,"column":null}},"97":{"start":{"line":255,"column":2},"end":{"line":259,"column":null}},"98":{"start":{"line":256,"column":4},"end":{"line":258,"column":null}},"99":{"start":{"line":257,"column":6},"end":{"line":257,"column":null}},"100":{"start":{"line":260,"column":20},"end":{"line":260,"column":null}},"101":{"start":{"line":261,"column":2},"end":{"line":265,"column":null}},"102":{"start":{"line":262,"column":4},"end":{"line":264,"column":null}},"103":{"start":{"line":266,"column":28},"end":{"line":266,"column":null}},"104":{"start":{"line":266,"column":51},"end":{"line":266,"column":72}},"105":{"start":{"line":266,"column":88},"end":{"line":266,"column":106}},"106":{"start":{"line":267,"column":2},"end":{"line":269,"column":null}},"107":{"start":{"line":268,"column":4},"end":{"line":268,"column":null}},"108":{"start":{"line":271,"column":2},"end":{"line":273,"column":null}},"109":{"start":{"line":272,"column":4},"end":{"line":272,"column":null}},"110":{"start":{"line":275,"column":2},"end":{"line":275,"column":null}},"111":{"start":{"line":279,"column":38},"end":{"line":287,"column":null}},"112":{"start":{"line":288,"column":2},"end":{"line":288,"column":null}},"113":{"start":{"line":292,"column":2},"end":{"line":292,"column":null}},"114":{"start":{"line":292,"column":17},"end":{"line":292,"column":null}},"115":{"start":{"line":293,"column":2},"end":{"line":295,"column":null}},"116":{"start":{"line":294,"column":4},"end":{"line":294,"column":null}},"117":{"start":{"line":296,"column":2},"end":{"line":296,"column":null}},"118":{"start":{"line":300,"column":27},"end":{"line":300,"column":null}},"119":{"start":{"line":301,"column":2},"end":{"line":319,"column":null}},"120":{"start":{"line":302,"column":4},"end":{"line":311,"column":null}},"121":{"start":{"line":303,"column":23},"end":{"line":303,"column":null}},"122":{"start":{"line":304,"column":6},"end":{"line":310,"column":null}},"123":{"start":{"line":312,"column":4},"end":{"line":318,"column":null}},"124":{"start":{"line":321,"column":23},"end":{"line":321,"column":null}},"125":{"start":{"line":321,"column":50},"end":{"line":321,"column":75}},"126":{"start":{"line":322,"column":18},"end":{"line":322,"column":null}},"127":{"start":{"line":323,"column":2},"end":{"line":332,"column":null}},"128":{"start":{"line":336,"column":2},"end":{"line":336,"column":null}},"129":{"start":{"line":336,"column":24},"end":{"line":336,"column":null}},"130":{"start":{"line":337,"column":2},"end":{"line":337,"column":null}},"131":{"start":{"line":337,"column":31},"end":{"line":337,"column":null}},"132":{"start":{"line":338,"column":2},"end":{"line":338,"column":null}},"133":{"start":{"line":338,"column":26},"end":{"line":338,"column":null}},"134":{"start":{"line":339,"column":2},"end":{"line":339,"column":null}},"135":{"start":{"line":343,"column":50},"end":{"line":348,"column":null}},"136":{"start":{"line":349,"column":2},"end":{"line":349,"column":null}}},"fnMap":{"0":{"name":"generateReport","decl":{"start":{"line":43,"column":16},"end":{"line":43,"column":31}},"loc":{"start":{"line":43,"column":66},"end":{"line":138,"column":null}},"line":43},"1":{"name":"(anonymous_1)","decl":{"start":{"line":46,"column":32},"end":{"line":46,"column":40}},"loc":{"start":{"line":46,"column":46},"end":{"line":46,"column":73}},"line":46},"2":{"name":"(anonymous_2)","decl":{"start":{"line":86,"column":27},"end":{"line":86,"column":32}},"loc":{"start":{"line":86,"column":38},"end":{"line":86,"column":65}},"line":86},"3":{"name":"(anonymous_3)","decl":{"start":{"line":132,"column":72},"end":{"line":132,"column":78}},"loc":{"start":{"line":132,"column":84},"end":{"line":132,"column":109}},"line":132},"4":{"name":"buildWhyWinnerWon","decl":{"start":{"line":140,"column":9},"end":{"line":140,"column":null}},"loc":{"start":{"line":144,"column":12},"end":{"line":175,"column":null}},"line":144},"5":{"name":"(anonymous_5)","decl":{"start":{"line":163,"column":48},"end":{"line":163,"column":54}},"loc":{"start":{"line":163,"column":60},"end":{"line":163,"column":90}},"line":163},"6":{"name":"buildWinnerWeaknesses","decl":{"start":{"line":177,"column":9},"end":{"line":177,"column":null}},"loc":{"start":{"line":181,"column":12},"end":{"line":212,"column":null}},"line":181},"7":{"name":"(anonymous_7)","decl":{"start":{"line":191,"column":5},"end":{"line":191,"column":13}},"loc":{"start":{"line":191,"column":19},"end":{"line":191,"column":51}},"line":191},"8":{"name":"(anonymous_8)","decl":{"start":{"line":192,"column":5},"end":{"line":192,"column":14}},"loc":{"start":{"line":192,"column":20},"end":{"line":192,"column":30}},"line":192},"9":{"name":"(anonymous_9)","decl":{"start":{"line":193,"column":5},"end":{"line":193,"column":13}},"loc":{"start":{"line":193,"column":19},"end":{"line":193,"column":61}},"line":193},"10":{"name":"(anonymous_10)","decl":{"start":{"line":197,"column":5},"end":{"line":197,"column":13}},"loc":{"start":{"line":197,"column":19},"end":{"line":197,"column":84}},"line":197},"11":{"name":"(anonymous_11)","decl":{"start":{"line":205,"column":57},"end":{"line":205,"column":65}},"loc":{"start":{"line":205,"column":71},"end":{"line":205,"column":90}},"line":205},"12":{"name":"buildBorrowFrom","decl":{"start":{"line":214,"column":9},"end":{"line":214,"column":25}},"loc":{"start":{"line":214,"column":82},"end":{"line":224,"column":null}},"line":214},"13":{"name":"(anonymous_13)","decl":{"start":{"line":215,"column":39},"end":{"line":215,"column":47}},"loc":{"start":{"line":215,"column":53},"end":{"line":215,"column":80}},"line":215},"14":{"name":"(anonymous_14)","decl":{"start":{"line":216,"column":32},"end":{"line":216,"column":37}},"loc":{"start":{"line":216,"column":43},"end":{"line":223,"column":3}},"line":216},"15":{"name":"buildAgentFindings","decl":{"start":{"line":226,"column":9},"end":{"line":226,"column":null}},"loc":{"start":{"line":229,"column":34},"end":{"line":276,"column":null}},"line":229},"16":{"name":"(anonymous_16)","decl":{"start":{"line":244,"column":15},"end":{"line":244,"column":23}},"loc":{"start":{"line":244,"column":32},"end":{"line":244,"column":64}},"line":244},"17":{"name":"(anonymous_17)","decl":{"start":{"line":247,"column":30},"end":{"line":247,"column":39}},"loc":{"start":{"line":247,"column":45},"end":{"line":247,"column":55}},"line":247},"18":{"name":"(anonymous_18)","decl":{"start":{"line":247,"column":57},"end":{"line":247,"column":63}},"loc":{"start":{"line":247,"column":69},"end":{"line":247,"column":90}},"line":247},"19":{"name":"(anonymous_19)","decl":{"start":{"line":266,"column":36},"end":{"line":266,"column":45}},"loc":{"start":{"line":266,"column":51},"end":{"line":266,"column":72}},"line":266},"20":{"name":"(anonymous_20)","decl":{"start":{"line":266,"column":74},"end":{"line":266,"column":82}},"loc":{"start":{"line":266,"column":88},"end":{"line":266,"column":106}},"line":266},"21":{"name":"mapObjectiveToImpact","decl":{"start":{"line":278,"column":9},"end":{"line":278,"column":30}},"loc":{"start":{"line":278,"column":57},"end":{"line":289,"column":null}},"line":278},"22":{"name":"buildTradeoff","decl":{"start":{"line":291,"column":9},"end":{"line":291,"column":23}},"loc":{"start":{"line":291,"column":93},"end":{"line":297,"column":null}},"line":291},"23":{"name":"buildCalibration","decl":{"start":{"line":299,"column":9},"end":{"line":299,"column":26}},"loc":{"start":{"line":299,"column":95},"end":{"line":333,"column":null}},"line":299},"24":{"name":"(anonymous_24)","decl":{"start":{"line":321,"column":38},"end":{"line":321,"column":44}},"loc":{"start":{"line":321,"column":50},"end":{"line":321,"column":75}},"line":321},"25":{"name":"downgradeConfidence","decl":{"start":{"line":335,"column":9},"end":{"line":335,"column":29}},"loc":{"start":{"line":335,"column":70},"end":{"line":340,"column":null}},"line":335},"26":{"name":"confidenceLabel","decl":{"start":{"line":342,"column":16},"end":{"line":342,"column":32}},"loc":{"start":{"line":342,"column":64},"end":{"line":350,"column":null}},"line":342}},"branchMap":{"0":{"loc":{"start":{"line":49,"column":4},"end":{"line":51,"column":null}},"type":"cond-expr","locations":[{"start":{"line":49,"column":28},"end":{"line":50,"column":null}},{"start":{"line":51,"column":8},"end":{"line":51,"column":null}}],"line":49},"1":{"loc":{"start":{"line":50,"column":9},"end":{"line":50,"column":50}},"type":"binary-expr","locations":[{"start":{"line":50,"column":9},"end":{"line":50,"column":44}},{"start":{"line":50,"column":44},"end":{"line":50,"column":50}}],"line":50},"2":{"loc":{"start":{"line":50,"column":50},"end":{"line":50,"column":null}},"type":"binary-expr","locations":[{"start":{"line":50,"column":50},"end":{"line":50,"column":85}},{"start":{"line":50,"column":85},"end":{"line":50,"column":null}}],"line":50},"3":{"loc":{"start":{"line":63,"column":2},"end":{"line":67,"column":null}},"type":"if","locations":[{"start":{"line":63,"column":2},"end":{"line":67,"column":null}},{"start":{},"end":{}}],"line":63},"4":{"loc":{"start":{"line":66,"column":4},"end":{"line":66,"column":null}},"type":"if","locations":[{"start":{"line":66,"column":4},"end":{"line":66,"column":null}},{"start":{},"end":{}}],"line":66},"5":{"loc":{"start":{"line":68,"column":2},"end":{"line":78,"column":null}},"type":"if","locations":[{"start":{"line":68,"column":2},"end":{"line":78,"column":null}},{"start":{},"end":{}}],"line":68},"6":{"loc":{"start":{"line":69,"column":4},"end":{"line":70,"column":null}},"type":"binary-expr","locations":[{"start":{"line":69,"column":4},"end":{"line":69,"column":null}},{"start":{"line":70,"column":4},"end":{"line":70,"column":null}}],"line":69},"7":{"loc":{"start":{"line":74,"column":6},"end":{"line":76,"column":null}},"type":"cond-expr","locations":[{"start":{"line":75,"column":10},"end":{"line":75,"column":null}},{"start":{"line":76,"column":10},"end":{"line":76,"column":null}}],"line":74},"8":{"loc":{"start":{"line":93,"column":14},"end":{"line":93,"column":null}},"type":"binary-expr","locations":[{"start":{"line":93,"column":14},"end":{"line":93,"column":33}},{"start":{"line":93,"column":33},"end":{"line":93,"column":null}}],"line":93},"9":{"loc":{"start":{"line":94,"column":20},"end":{"line":96,"column":null}},"type":"cond-expr","locations":[{"start":{"line":95,"column":10},"end":{"line":95,"column":null}},{"start":{"line":96,"column":10},"end":{"line":96,"column":null}}],"line":94},"10":{"loc":{"start":{"line":105,"column":19},"end":{"line":113,"column":null}},"type":"cond-expr","locations":[{"start":{"line":106,"column":8},"end":{"line":112,"column":null}},{"start":{"line":113,"column":8},"end":{"line":113,"column":null}}],"line":105},"11":{"loc":{"start":{"line":125,"column":20},"end":{"line":127,"column":null}},"type":"cond-expr","locations":[{"start":{"line":126,"column":10},"end":{"line":126,"column":null}},{"start":{"line":127,"column":10},"end":{"line":127,"column":null}}],"line":125},"12":{"loc":{"start":{"line":128,"column":21},"end":{"line":128,"column":null}},"type":"binary-expr","locations":[{"start":{"line":128,"column":21},"end":{"line":128,"column":50}},{"start":{"line":128,"column":50},"end":{"line":128,"column":null}}],"line":128},"13":{"loc":{"start":{"line":132,"column":57},"end":{"line":132,"column":null}},"type":"binary-expr","locations":[{"start":{"line":132,"column":57},"end":{"line":132,"column":120}},{"start":{"line":132,"column":120},"end":{"line":132,"column":null}}],"line":132},"14":{"loc":{"start":{"line":133,"column":18},"end":{"line":133,"column":null}},"type":"binary-expr","locations":[{"start":{"line":133,"column":18},"end":{"line":133,"column":49}},{"start":{"line":133,"column":49},"end":{"line":133,"column":null}}],"line":133},"15":{"loc":{"start":{"line":147,"column":2},"end":{"line":149,"column":null}},"type":"if","locations":[{"start":{"line":147,"column":2},"end":{"line":149,"column":null}},{"start":{},"end":{}}],"line":147},"16":{"loc":{"start":{"line":150,"column":2},"end":{"line":152,"column":null}},"type":"if","locations":[{"start":{"line":150,"column":2},"end":{"line":152,"column":null}},{"start":{},"end":{}}],"line":150},"17":{"loc":{"start":{"line":153,"column":2},"end":{"line":155,"column":null}},"type":"if","locations":[{"start":{"line":153,"column":2},"end":{"line":155,"column":null}},{"start":{},"end":{}}],"line":153},"18":{"loc":{"start":{"line":156,"column":2},"end":{"line":158,"column":null}},"type":"if","locations":[{"start":{"line":156,"column":2},"end":{"line":158,"column":null}},{"start":{},"end":{}}],"line":156},"19":{"loc":{"start":{"line":156,"column":6},"end":{"line":156,"column":68}},"type":"binary-expr","locations":[{"start":{"line":156,"column":6},"end":{"line":156,"column":40}},{"start":{"line":156,"column":40},"end":{"line":156,"column":68}}],"line":156},"20":{"loc":{"start":{"line":159,"column":2},"end":{"line":161,"column":null}},"type":"if","locations":[{"start":{"line":159,"column":2},"end":{"line":161,"column":null}},{"start":{},"end":{}}],"line":159},"21":{"loc":{"start":{"line":164,"column":4},"end":{"line":166,"column":null}},"type":"if","locations":[{"start":{"line":164,"column":4},"end":{"line":166,"column":null}},{"start":{},"end":{}}],"line":164},"22":{"loc":{"start":{"line":168,"column":2},"end":{"line":170,"column":null}},"type":"if","locations":[{"start":{"line":168,"column":2},"end":{"line":170,"column":null}},{"start":{},"end":{}}],"line":168},"23":{"loc":{"start":{"line":171,"column":2},"end":{"line":173,"column":null}},"type":"if","locations":[{"start":{"line":171,"column":2},"end":{"line":173,"column":null}},{"start":{},"end":{}}],"line":171},"24":{"loc":{"start":{"line":171,"column":6},"end":{"line":171,"column":69}},"type":"binary-expr","locations":[{"start":{"line":171,"column":6},"end":{"line":171,"column":18}},{"start":{"line":171,"column":18},"end":{"line":171,"column":69}}],"line":171},"25":{"loc":{"start":{"line":183,"column":2},"end":{"line":185,"column":null}},"type":"if","locations":[{"start":{"line":183,"column":2},"end":{"line":185,"column":null}},{"start":{},"end":{}}],"line":183},"26":{"loc":{"start":{"line":183,"column":6},"end":{"line":183,"column":105}},"type":"binary-expr","locations":[{"start":{"line":183,"column":6},"end":{"line":183,"column":38}},{"start":{"line":183,"column":38},"end":{"line":183,"column":50}},{"start":{"line":183,"column":50},"end":{"line":183,"column":105}}],"line":183},"27":{"loc":{"start":{"line":186,"column":2},"end":{"line":188,"column":null}},"type":"if","locations":[{"start":{"line":186,"column":2},"end":{"line":188,"column":null}},{"start":{},"end":{}}],"line":186},"28":{"loc":{"start":{"line":193,"column":19},"end":{"line":193,"column":61}},"type":"binary-expr","locations":[{"start":{"line":193,"column":19},"end":{"line":193,"column":41}},{"start":{"line":193,"column":41},"end":{"line":193,"column":61}}],"line":193},"29":{"loc":{"start":{"line":195,"column":2},"end":{"line":195,"column":null}},"type":"if","locations":[{"start":{"line":195,"column":2},"end":{"line":195,"column":null}},{"start":{},"end":{}}],"line":195},"30":{"loc":{"start":{"line":197,"column":19},"end":{"line":197,"column":84}},"type":"binary-expr","locations":[{"start":{"line":197,"column":19},"end":{"line":197,"column":43}},{"start":{"line":197,"column":43},"end":{"line":197,"column":84}}],"line":197},"31":{"loc":{"start":{"line":206,"column":2},"end":{"line":206,"column":null}},"type":"if","locations":[{"start":{"line":206,"column":2},"end":{"line":206,"column":null}},{"start":{},"end":{}}],"line":206},"32":{"loc":{"start":{"line":208,"column":2},"end":{"line":210,"column":null}},"type":"if","locations":[{"start":{"line":208,"column":2},"end":{"line":210,"column":null}},{"start":{},"end":{}}],"line":208},"33":{"loc":{"start":{"line":218,"column":4},"end":{"line":218,"column":null}},"type":"if","locations":[{"start":{"line":218,"column":4},"end":{"line":218,"column":null}},{"start":{},"end":{}}],"line":218},"34":{"loc":{"start":{"line":219,"column":4},"end":{"line":219,"column":null}},"type":"if","locations":[{"start":{"line":219,"column":4},"end":{"line":219,"column":null}},{"start":{},"end":{}}],"line":219},"35":{"loc":{"start":{"line":220,"column":4},"end":{"line":220,"column":null}},"type":"if","locations":[{"start":{"line":220,"column":4},"end":{"line":220,"column":null}},{"start":{},"end":{}}],"line":220},"36":{"loc":{"start":{"line":221,"column":4},"end":{"line":221,"column":null}},"type":"if","locations":[{"start":{"line":221,"column":4},"end":{"line":221,"column":null}},{"start":{},"end":{}}],"line":221},"37":{"loc":{"start":{"line":232,"column":17},"end":{"line":232,"column":null}},"type":"binary-expr","locations":[{"start":{"line":232,"column":17},"end":{"line":232,"column":47}},{"start":{"line":232,"column":47},"end":{"line":232,"column":null}}],"line":232},"38":{"loc":{"start":{"line":241,"column":17},"end":{"line":241,"column":null}},"type":"binary-expr","locations":[{"start":{"line":241,"column":17},"end":{"line":241,"column":40}},{"start":{"line":241,"column":40},"end":{"line":241,"column":null}}],"line":241},"39":{"loc":{"start":{"line":243,"column":6},"end":{"line":245,"column":null}},"type":"cond-expr","locations":[{"start":{"line":244,"column":10},"end":{"line":244,"column":null}},{"start":{"line":245,"column":10},"end":{"line":245,"column":null}}],"line":243},"40":{"loc":{"start":{"line":246,"column":4},"end":{"line":251,"column":null}},"type":"if","locations":[{"start":{"line":246,"column":4},"end":{"line":251,"column":null}},{"start":{},"end":{}}],"line":246},"41":{"loc":{"start":{"line":249,"column":44},"end":{"line":249,"column":82}},"type":"binary-expr","locations":[{"start":{"line":249,"column":44},"end":{"line":249,"column":64}},{"start":{"line":249,"column":64},"end":{"line":249,"column":82}}],"line":249},"42":{"loc":{"start":{"line":256,"column":4},"end":{"line":258,"column":null}},"type":"if","locations":[{"start":{"line":256,"column":4},"end":{"line":258,"column":null}},{"start":{},"end":{}}],"line":256},"43":{"loc":{"start":{"line":261,"column":2},"end":{"line":265,"column":null}},"type":"if","locations":[{"start":{"line":261,"column":2},"end":{"line":265,"column":null}},{"start":{},"end":{}}],"line":261},"44":{"loc":{"start":{"line":266,"column":51},"end":{"line":266,"column":72}},"type":"binary-expr","locations":[{"start":{"line":266,"column":51},"end":{"line":266,"column":70}},{"start":{"line":266,"column":70},"end":{"line":266,"column":72}}],"line":266},"45":{"loc":{"start":{"line":267,"column":2},"end":{"line":269,"column":null}},"type":"if","locations":[{"start":{"line":267,"column":2},"end":{"line":269,"column":null}},{"start":{},"end":{}}],"line":267},"46":{"loc":{"start":{"line":271,"column":2},"end":{"line":273,"column":null}},"type":"if","locations":[{"start":{"line":271,"column":2},"end":{"line":273,"column":null}},{"start":{},"end":{}}],"line":271},"47":{"loc":{"start":{"line":288,"column":9},"end":{"line":288,"column":null}},"type":"binary-expr","locations":[{"start":{"line":288,"column":9},"end":{"line":288,"column":27}},{"start":{"line":288,"column":27},"end":{"line":288,"column":null}}],"line":288},"48":{"loc":{"start":{"line":292,"column":2},"end":{"line":292,"column":null}},"type":"if","locations":[{"start":{"line":292,"column":2},"end":{"line":292,"column":null}},{"start":{},"end":{}}],"line":292},"49":{"loc":{"start":{"line":293,"column":2},"end":{"line":295,"column":null}},"type":"if","locations":[{"start":{"line":293,"column":2},"end":{"line":295,"column":null}},{"start":{},"end":{}}],"line":293},"50":{"loc":{"start":{"line":293,"column":6},"end":{"line":293,"column":108}},"type":"binary-expr","locations":[{"start":{"line":293,"column":6},"end":{"line":293,"column":63}},{"start":{"line":293,"column":63},"end":{"line":293,"column":108}}],"line":293},"51":{"loc":{"start":{"line":301,"column":2},"end":{"line":319,"column":null}},"type":"if","locations":[{"start":{"line":301,"column":2},"end":{"line":319,"column":null}},{"start":{},"end":{}}],"line":301},"52":{"loc":{"start":{"line":302,"column":4},"end":{"line":311,"column":null}},"type":"if","locations":[{"start":{"line":302,"column":4},"end":{"line":311,"column":null}},{"start":{},"end":{}}],"line":302},"53":{"loc":{"start":{"line":302,"column":9},"end":{"line":302,"column":58}},"type":"binary-expr","locations":[{"start":{"line":302,"column":9},"end":{"line":302,"column":53}},{"start":{"line":302,"column":53},"end":{"line":302,"column":58}}],"line":302},"54":{"loc":{"start":{"line":303,"column":23},"end":{"line":303,"column":null}},"type":"binary-expr","locations":[{"start":{"line":303,"column":23},"end":{"line":303,"column":71}},{"start":{"line":303,"column":71},"end":{"line":303,"column":null}}],"line":303},"55":{"loc":{"start":{"line":306,"column":24},"end":{"line":306,"column":null}},"type":"binary-expr","locations":[{"start":{"line":306,"column":24},"end":{"line":306,"column":68}},{"start":{"line":306,"column":68},"end":{"line":306,"column":null}}],"line":306},"56":{"loc":{"start":{"line":324,"column":12},"end":{"line":324,"column":null}},"type":"cond-expr","locations":[{"start":{"line":324,"column":22},"end":{"line":324,"column":42}},{"start":{"line":324,"column":42},"end":{"line":324,"column":null}}],"line":324},"57":{"loc":{"start":{"line":325,"column":32},"end":{"line":325,"column":77}},"type":"binary-expr","locations":[{"start":{"line":325,"column":32},"end":{"line":325,"column":76}},{"start":{"line":325,"column":76},"end":{"line":325,"column":77}}],"line":325},"58":{"loc":{"start":{"line":329,"column":10},"end":{"line":331,"column":null}},"type":"cond-expr","locations":[{"start":{"line":330,"column":8},"end":{"line":330,"column":null}},{"start":{"line":331,"column":8},"end":{"line":331,"column":null}}],"line":329},"59":{"loc":{"start":{"line":331,"column":45},"end":{"line":331,"column":78}},"type":"binary-expr","locations":[{"start":{"line":331,"column":45},"end":{"line":331,"column":61}},{"start":{"line":331,"column":61},"end":{"line":331,"column":78}}],"line":331},"60":{"loc":{"start":{"line":336,"column":2},"end":{"line":336,"column":null}},"type":"if","locations":[{"start":{"line":336,"column":2},"end":{"line":336,"column":null}},{"start":{},"end":{}}],"line":336},"61":{"loc":{"start":{"line":337,"column":2},"end":{"line":337,"column":null}},"type":"if","locations":[{"start":{"line":337,"column":2},"end":{"line":337,"column":null}},{"start":{},"end":{}}],"line":337},"62":{"loc":{"start":{"line":338,"column":2},"end":{"line":338,"column":null}},"type":"if","locations":[{"start":{"line":338,"column":2},"end":{"line":338,"column":null}},{"start":{},"end":{}}],"line":338}},"s":{"0":0,"1":0,"2":0,"3":0,"4":0,"5":0,"6":0,"7":0,"8":0,"9":0,"10":0,"11":0,"12":0,"13":0,"14":0,"15":0,"16":0,"17":0,"18":0,"19":0,"20":0,"21":0,"22":0,"23":0,"24":0,"25":0,"26":0,"27":0,"28":0,"29":0,"30":0,"31":0,"32":0,"33":0,"34":0,"35":0,"36":0,"37":0,"38":0,"39":0,"40":0,"41":0,"42":0,"43":0,"44":0,"45":0,"46":0,"47":0,"48":0,"49":0,"50":0,"51":0,"52":0,"53":0,"54":0,"55":0,"56":0,"57":0,"58":0,"59":0,"60":0,"61":0,"62":0,"63":0,"64":0,"65":0,"66":0,"67":0,"68":0,"69":0,"70":0,"71":0,"72":0,"73":0,"74":0,"75":0,"76":0,"77":0,"78":0,"79":0,"80":0,"81":0,"82":0,"83":0,"84":0,"85":0,"86":0,"87":0,"88":0,"89":0,"90":0,"91":0,"92":0,"93":0,"94":0,"95":0,"96":0,"97":0,"98":0,"99":0,"100":0,"101":0,"102":0,"103":0,"104":0,"105":0,"106":0,"107":0,"108":0,"109":0,"110":0,"111":0,"112":0,"113":0,"114":0,"115":0,"116":0,"117":0,"118":0,"119":0,"120":0,"121":0,"122":0,"123":0,"124":0,"125":0,"126":0,"127":0,"128":0,"129":0,"130":0,"131":0,"132":0,"133":0,"134":0,"135":0,"136":0},"f":{"0":0,"1":0,"2":0,"3":0,"4":0,"5":0,"6":0,"7":0,"8":0,"9":0,"10":0,"11":0,"12":0,"13":0,"14":0,"15":0,"16":0,"17":0,"18":0,"19":0,"20":0,"21":0,"22":0,"23":0,"24":0,"25":0,"26":0},"b":{"0":[0,0],"1":[0,0],"2":[0,0],"3":[0,0],"4":[0,0],"5":[0,0],"6":[0,0],"7":[0,0],"8":[0,0],"9":[0,0],"10":[0,0],"11":[0,0],"12":[0,0],"13":[0,0],"14":[0,0],"15":[0,0],"16":[0,0],"17":[0,0],"18":[0,0],"19":[0,0],"20":[0,0],"21":[0,0],"22":[0,0],"23":[0,0],"24":[0,0],"25":[0,0],"26":[0,0,0],"27":[0,0],"28":[0,0],"29":[0,0],"30":[0,0],"31":[0,0],"32":[0,0],"33":[0,0],"34":[0,0],"35":[0,0],"36":[0,0],"37":[0,0],"38":[0,0],"39":[0,0],"40":[0,0],"41":[0,0],"42":[0,0],"43":[0,0],"44":[0,0],"45":[0,0],"46":[0,0],"47":[0,0],"48":[0,0],"49":[0,0],"50":[0,0],"51":[0,0],"52":[0,0],"53":[0,0],"54":[0,0],"55":[0,0],"56":[0,0],"57":[0,0],"58":[0,0],"59":[0,0],"60":[0,0],"61":[0,0],"62":[0,0]},"meta":{"lastBranch":63,"lastFunction":27,"lastStatement":137,"seen":{"f:43:16:43:31":0,"s:44:17:44:Infinity":0,"s:45:19:45:Infinity":1,"s:46:17:46:Infinity":2,"f:46:32:46:40":1,"s:46:46:46:73":3,"s:49:4:51:Infinity":4,"b:49:28:50:Infinity:51:8:51:Infinity":0,"b:50:9:50:44:50:44:50:50":1,"b:50:50:50:85:50:85:50:Infinity":2,"s:53:21:53:Infinity":5,"s:55:35:61:Infinity":6,"b:63:2:67:Infinity:undefined:undefined:undefined:undefined":3,"s:63:2:67:Infinity":7,"s:64:4:65:Infinity":8,"b:66:4:66:Infinity:undefined:undefined:undefined:undefined":4,"s:66:4:66:Infinity":9,"s:66:31:66:Infinity":10,"b:68:2:78:Infinity:undefined:undefined:undefined:undefined":5,"s:68:2:78:Infinity":11,"b:69:4:69:Infinity:70:4:70:Infinity":6,"s:72:4:72:Infinity":12,"s:74:6:76:Infinity":13,"b:75:10:75:Infinity:76:10:76:Infinity":7,"s:77:4:77:Infinity":14,"s:80:23:80:Infinity":15,"s:81:27:81:Infinity":16,"s:82:21:82:I
[...]
"42":0,"43":0,"44":0,"45":0,"46":0,"47":0,"48":0,"49":0,"50":0,"51":0,"52":0,"53":0,"54":0,"55":0,"56":0,"57":0,"58":0,"59":0,"60":0,"61":0,"62":0,"63":0,"64":0,"65":0,"66":0,"67":0,"68":0,"69":0,"70":0,"71":0,"72":0,"73":0,"74":0,"75":0,"76":0,"77":0,"78":0,"79":0,"80":0,"81":0,"82":0,"83":0},"f":{"0":0,"1":0,"2":0,"3":0,"4":0,"5":0,"6":0,"7":0,"8":0,"9":0,"10":0,"11":0,"12":0,"13":0,"14":0,"15":0,"16":0,"17":0,"18":0,"19":0,"20":0,"21":0,"22":0,"23":0,"24":0,"25":0,"26":0,"27":0,"28":0,"29":0,"30":0,"31":0},"b":{"0":[0,0],"1":[0,0],"2":[0,0,0],"3":[0,0],"4":[0,0],"5":[0,0],"6":[0,0],"7":[0,0],"8":[0,0],"9":[0,0],"10":[0,0],"11":[0,0],"12":[0,0],"13":[0,0],"14":[0,0],"15":[0,0],"16":[0,0],"17":[0,0],"18":[0,0],"19":[0,0],"20":[0,0],"21":[0,0],"22":[0,0],"23":[0,0],"24":[0,0],"25":[0,0],"26":[0,0],"27":[0,0],"28":[0,0],"29":[0,0,0,0],"30":[0,0],"31":[0,0],"32":[0,0],"33":[0,0],"34":[0,0],"35":[0,0],"36":[0,0],"37":[0,0],"38":[0,0,0],"39":[0,0],"40":[0,0],"41":[0,0],"42":[0,0]},"meta":{"lastBranch":43,"lastFunction":32,"lastStatement":84,"seen":{"s:10:42:26:Infinity":0,"f:54:9:54:17":0,"s:55:2:55:Infinity":1,"f:58:9:58:13":1,"s:59:2:59:Infinity":2,"f:59:17:59:25":2,"s:59:48:59:80":3,"b:59:64:59:76:59:76:59:80":0,"f:62:9:62:27":3,"b:63:2:65:Infinity:undefined:undefined:undefined:undefined":1,"s:63:2:65:Infinity":4,"b:63:6:63:16:63:16:63:53:63:53:63:69":2,"s:64:4:64:Infinity":5,"b:66:2:68:Infinity:undefined:undefined:undefined:undefined":3,"s:66:2:68:Infinity":6,"b:66:6:66:44:66:44:66:115":4,"s:67:4:67:Infinity":7,"b:69:2:71:Infinity:undefined:undefined:undefined:undefined":5,"s:69:2:71:Infinity":8,"b:69:6:69:39:69:39:69:99":6,"s:70:4:70:Infinity":9,"b:72:2:74:Infinity:undefined:undefined:undefined:undefined":7,"s:72:2:74:Infinity":10,"b:72:6:72:67:72:67:72:97":8,"f:72:21:72:28":4,"s:72:39:72:62":11,"s:73:4:73:Infinity":12,"f:77:16:77:48":5,"s:78:16:78:Infinity":13,"s:79:2:79:Infinity":14,"s:80:2:80:Infinity":15,"f:83:16:83:41":6,"s:84:13:84:Infinity":16,"s:85:13:85:Infinity":17,"s:86:19:86:Infinity":18,"s:87:19:87:Infinity":19,"s:88:18:88:Infinity":20,"s:89:18:89:Infinity":21,"s:90:2:106:Infinity":22,"f:109:9:109:25":7,"s:110:2:110:Infinity":23,"f:110:27:110:33":8,"s:110:46:110:76":24,"f:113:9:113:15":9,"s:114:2:114:Infinity":25,"b:114:11:114:16:114:16:114:22":9,"b:114:22:114:27:114:27:114:33":10,"f:117:9:117:21":10,"b:118:2:118:Infinity:undefined:undefined:undefined:undefined":11,"s:118:2:118:Infinity":26,"s:118:16:118:Infinity":27,"s:119:2:119:Infinity":28,"f:122:16:122:51":11,"s:123:2:123:Infinity":29,"f:126:16:126:40":12,"s:127:2:127:Infinity":30,"f:130:9:130:24":13,"s:131:2:131:Infinity":31,"f:134:9:134:22":14,"s:140:34:140:Infinity":32,"s:141:2:155:Infinity":33,"s:141:15:141:18":34,"s:142:4:154:Infinity":35,"s:142:17:142:24":36,"s:143:23:143:Infinity":37,"s:144:23:144:Infinity":38,"s:145:20:145:Infinity":39,"s:146:6:153:Infinity":40,"b:151:35:151:49:151:49:151:Infinity":12,"b:151:73:151:87:151:87:151:Infinity":13,"s:156:2:156:Infinity":41,"f:159:9:159:22":15,"s:160:17:160:Infinity":42,"f:160:34:160:39":16,"s:160:51:160:66":43,"s:161:2:164:Infinity":44,"s:162:4:162:Infinity":45,"b:162:34:162:66:162:66:162:71":14,"s:163:4:163:Infinity":46,"b:163:34:163:66:163:66:163:72":15,"s:165:2:167:Infinity":47,"f:166:5:166:10":17,"s:166:23:166:71":48,"b:166:41:166:67:166:67:166:69":16,"f:167:5:167:11":18,"s:167:20:167:37":49,"f:170:9:170:23":19,"s:171:2:171:Infinity":50,"f:171:24:171:29":20,"s:171:44:171:71":51,"f:174:9:174:32":21,"b:175:2:175:Infinity:undefined:undefined:undefined:undefined":17,"s:175:2:175:Infinity":52,"s:175:18:175:Infinity":53,"s:176:2:176:Infinity":54,"f:179:9:179:23":22,"s:186:21:186:Infinity":55,"s:187:17:192:Infinity":56,"f:188:41:188:46":23,"s:188:63:191:5":57,"b:190:27:190:81:190:81:190:Infinity":18,"b:190:52:190:61:190:61:190:66":19,"b:190:106:190:115:190:115:190:120":20,"s:194:2:209:Infinity":58,"b:207:10:207:Infinity:208:10:208:Infinity":21,"f:212:9:212:29":24,"s:218:8:218:Infinity":59,"b:218:36:218:56:218:56:218:72":22,"s:219:2:247:Infinity":60,"f:219:18:219:27":25,"s:220:4:246:Infinity":61,"f:220:17:220:22":26,"s:220:32:246:6":62,"b:232:12:232:Infinity:233:12:235:Infinity":23,"b:234:14:234:Infinity:235:14:235:Infinity":24,"b:242:12:242:Infinity:243:12:245:Infinity":25,"b:244:61:244:83:244:83:244:Infinity":26,"f:250:9:250:27":27,"b:251:2:251:Infinity:undefined:undefined:undefined:undefined":27,"s:251:2:251:Infinity":63,"b:251:6:251:19:251:19:251:30":28,"s:251:30:251:Infinity":64,"s:252:15:256:Infinity":65,"f:252:21:252:Infinity":28,"s:254:7:255:Infinity":66,"b:254:7:254:45:254:45:254:Infinity:255:7:255:45:255:45:255:Infinity":29,"s:257:2:257:Infinity":67,"b:257:9:257:29:257:29:257:Infinity":30,"f:260:16:260:48":29,"s:269:2:269:Infinity":68,"s:270:8:275:Infinity":69,"s:276:17:276:Infinity":70,"b:276:17:276:34:276:34:276:Infinity":31,"s:277:18:277:Infinity":71,"b:277:18:277:36:277:36:277:Infinity":32,"s:278:16:278:Infinity":72,"s:279:17:279:Infinity":73,"s:280:16:280:Infinity":74,"s:281:14:281:Infinity":75,"s:282:17:282:Infinity":76,"s:283:17:283:Infinity":77,"b:283:33:283:60:283:60:283:Infinity":33,"b:283:17:283:24:283:24:283:33":34,"s:284:30:284:Infinity":78,"b:284:55:284:74:284:74:284:80":35,"b:284:80:284:102:284:102:284:106":36,"s:285:33:285:Infinity":79,"b:285:87:285:104:285:104:285:Infinity":37,"b:285:33:285:40:285:40:285:58:285:58:285:87":38,"s:286:18:294:Infinity":80,"f:286:35:286:40":30,"s:287:4:293:Infinity":81,"b:290:12:290:43:290:43:290:Infinity":39,"b:292:64:292:86:292:86:292:Infinity":40,"s:296:2:313:Infinity":82,"b:300:48:300:70:300:70:300:Infinity":41,"b:311:10:311:Infinity:312:10:312:Infinity":42,"f:312:48:312:54":31,"s:312:65:312:108":83},"fnNames":{}}}
,"/Users/sarthak/Desktop/fleet/taste/src/lib/types.ts": {"path":"/Users/sarthak/Desktop/fleet/taste/src/lib/types.ts","statementMap":{"0":{"start":{"line":187,"column":66},"end":{"line":194,"column":null}},"1":{"start":{"line":196,"column":26},"end":{"line":204,"column":null}},"2":{"start":{"line":206,"column":23},"end":{"line":213,"column":null}},"3":{"start":{"line":215,"column":71},"end":{"line":225,"column":null}}},"fnMap":{},"branchMap":{},"s":{"0":0,"1":0,"2":0,"3":0},"f":{},"b":{},"meta":{"lastBranch":0,"lastFunction":0,"lastStatement":4,"seen":{"s:187:66:194:Infinity":0,"s:196:26:204:Infinity":1,"s:206:23:213:Infinity":2,"s:215:71:225:Infinity":3},"fnNames":{}}}
,"/Users/sarthak/Desktop/fleet/taste/src/lib/utils.ts": {"path":"/Users/sarthak/Desktop/fleet/taste/src/lib/utils.ts","statementMap":{"0":{"start":{"line":5,"column":2},"end":{"line":5,"column":null}},"1":{"start":{"line":9,"column":2},"end":{"line":9,"column":null}},"2":{"start":{"line":9,"column":12},"end":{"line":9,"column":null}},"3":{"start":{"line":10,"column":2},"end":{"line":14,"column":null}},"4":{"start":{"line":18,"column":41},"end":{"line":25,"column":null}},"5":{"start":{"line":26,"column":2},"end":{"line":26,"column":null}},"6":{"start":{"line":30,"column":41},"end":{"line":35,"column":null}},"7":{"start":{"line":36,"column":2},"end":{"line":36,"column":null}},"8":{"start":{"line":51,"column":16},"end":{"line":68,"column":null}},"9":{"start":{"line":70,"column":2},"end":{"line":76,"column":null}},"10":{"start":{"line":71,"column":4},"end":{"line":71,"column":null}},"11":{"start":{"line":72,"column":4},"end":{"line":74,"column":null}},"12":{"start":{"line":73,"column":6},"end":{"line":73,"column":null}},"13":{"start":{"line":75,"column":4},"end":{"line":75,"column":null}},"14":{"start":{"line":78,"column":2},"end":{"line":82,"column":null}},"15":{"start":{"line":79,"column":4},"end":{"line":79,"column":null}},"16":{"start":{"line":80,"column":4},"end":{"line":80,"column":null}},"17":{"start":{"line":81,"column":4},"end":{"line":81,"column":null}},"18":{"start":{"line":84,"column":2},"end":{"line":87,"column":null}},"19":{"start":{"line":85,"column":4},"end":{"line":85,"column":null}},"20":{"start":{"line":86,"column":4},"end":{"line":86,"column":null}},"21":{"start":{"line":89,"column":2},"end":{"line":89,"column":null}},"22":{"start":{"line":89,"column":29},"end":{"line":89,"column":44}}},"fnMap":{"0":{"name":"cn","decl":{"start":{"line":4,"column":16},"end":{"line":4,"column":19}},"loc":{"start":{"line":4,"column":44},"end":{"line":6,"column":null}},"line":4},"1":{"name":"formatDate","decl":{"start":{"line":8,"column":16},"end":{"line":8,"column":27}},"loc":{"start":{"line":8,"column":67},"end":{"line":15,"column":null}},"line":8},"2":{"name":"studyStatusLabel","decl":{"start":{"line":17,"column":16},"end":{"line":17,"column":33}},"loc":{"start":{"line":17,"column":57},"end":{"line":27,"column":null}},"line":17},"3":{"name":"recommendationLabel","decl":{"start":{"line":29,"column":16},"end":{"line":29,"column":36}},"loc":{"start":{"line":29,"column":57},"end":{"line":37,"column":null}},"line":29},"4":{"name":"generateStudyBrief","decl":{"start":{"line":39,"column":16},"end":{"line":39,"column":35}},"loc":{"start":{"line":50,"column":11},"end":{"line":90,"column":null}},"line":50},"5":{"name":"(anonymous_5)","decl":{"start":{"line":89,"column":15},"end":{"line":89,"column":23}},"loc":{"start":{"line":89,"column":29},"end":{"line":89,"column":44}},"line":89}},"branchMap":{"0":{"loc":{"start":{"line":9,"column":2},"end":{"line":9,"column":null}},"type":"if","locations":[{"start":{"line":9,"column":2},"end":{"line":9,"column":null}},{"start":{},"end":{}}],"line":9},"1":{"loc":{"start":{"line":26,"column":9},"end":{"line":26,"column":null}},"type":"binary-expr","locations":[{"start":{"line":26,"column":9},"end":{"line":26,"column":27}},{"start":{"line":26,"column":27},"end":{"line":26,"column":null}}],"line":26},"2":{"loc":{"start":{"line":36,"column":9},"end":{"line":36,"column":null}},"type":"binary-expr","locations":[{"start":{"line":36,"column":9},"end":{"line":36,"column":24}},{"start":{"line":36,"column":24},"end":{"line":36,"column":null}}],"line":36},"3":{"loc":{"start":{"line":55,"column":4},"end":{"line":55,"column":null}},"type":"binary-expr","locations":[{"start":{"line":55,"column":4},"end":{"line":55,"column":25}},{"start":{"line":55,"column":25},"end":{"line":55,"column":null}}],"line":55},"4":{"loc":{"start":{"line":56,"column":4},"end":{"line":56,"column":null}},"type":"cond-expr","locations":[{"start":{"line":56,"column":31},"end":{"line":56,"column":58}},{"start":{"line":56,"column":58},"end":{"line":56,"column":null}}],"line":56},"5":{"loc":{"start":{"line":59,"column":4},"end":{"line":59,"column":null}},"type":"binary-expr","locations":[{"start":{"line":59,"column":4},"end":{"line":59,"column":28}},{"start":{"line":59,"column":28},"end":{"line":59,"column":null}}],"line":59},"6":{"loc":{"start":{"line":60,"column":4},"end":{"line":60,"column":null}},"type":"binary-expr","locations":[{"start":{"line":60,"column":4},"end":{"line":60,"column":35}},{"start":{"line":60,"column":35},"end":{"line":60,"column":null}}],"line":60},"7":{"loc":{"start":{"line":63,"column":49},"end":{"line":63,"column":119}},"type":"binary-expr","locations":[{"start":{"line":63,"column":49},"end":{"line":63,"column":95}},{"start":{"line":63,"column":95},"end":{"line":63,"column":119}}],"line":63},"8":{"loc":{"start":{"line":66,"column":4},"end":{"line":66,"column":null}},"type":"binary-expr","locations":[{"start":{"line":66,"column":4},"end":{"line":66,"column":47}},{"start":{"line":66,"column":47},"end":{"line":66,"column":null}}],"line":66},"9":{"loc":{"start":{"line":70,"column":2},"end":{"line":76,"column":null}},"type":"if","locations":[{"start":{"line":70,"column":2},"end":{"line":76,"column":null}},{"start":{},"end":{}}],"line":70},"10":{"loc":{"start":{"line":73,"column":41},"end":{"line":73,"column":83}},"type":"cond-expr","locations":[{"start":{"line":73,"column":56},"end":{"line":73,"column":79}},{"start":{"line":73,"column":79},"end":{"line":73,"column":83}}],"line":73},"11":{"loc":{"start":{"line":78,"column":2},"end":{"line":82,"column":null}},"type":"if","locations":[{"start":{"line":78,"column":2},"end":{"line":82,"column":null}},{"start":{},"end":{}}],"line":78},"12":{"loc":{"start":{"line":84,"column":2},"end":{"line":87,"column":null}},"type":"if","locations":[{"start":{"line":84,"column":2},"end":{"line":87,"column":null}},{"start":{},"end":{}}],"line":84}},"s":{"0":3,"1":4,"2":3,"3":1,"4":4,"5":4,"6":5,"7":5,"8":5,"9":5,"10":1,"11":1,"12":2,"13":1,"14":5,"15":1,"16":1,"17":1,"18":5,"19":1,"20":1,"21":5,"22":89},"f":{"0":3,"1":4,"2":4,"3":5,"4":5,"5":89},"b":{"0":[3,1],"1":[4,1],"2":[5,1],"3":[5,4],"4":[1,4],"5":[5,4],"6":[5,5],"7":[5,4],"8":[5,5],"9":[1,4],"10":[1,1],"11":[1,4],"12":[1,4]},"meta":{"lastBranch":13,"lastFunction":6,"lastStatement":23,"seen":{"f:4:16:4:19":0,"s:5:2:5:Infinity":0,"f:8:16:8:27":1,"b:9:2:9:Infinity:undefined:undefined:undefined:undefined":0,"s:9:2:9:Infinity":1,"s:9:12:9:Infinity":2,"s:10:2:14:Infinity":3,"f:17:16:17:33":2,"s:18:41:25:Infinity":4,"s:26:2:26:Infinity":5,"b:26:9:26:27:26:27:26:Infinity":1,"f:29:16:29:36":3,"s:30:41:35:Infinity":6,"s:36:2:36:Infinity":7,"b:36:9:36:24:36:24:36:Infinity":2,"f:39:16:39:35":4,"s:51:16:68:Infinity":8,"b:55:4:55:25:55:25:55:Infinity":3,"b:56:31:56:58:56:58:56:Infinity":4,"b:59:4:59:28:59:28:59:Infinity":5,"b:60:4:60:35:60:35:60:Infinity":6,"b:63:49:63:95:63:95:63:119":7,"b:66:4:66:47:66:47:66:Infinity":8,"b:70:2:76:Infinity:undefined:undefined:undefined:undefined":9,"s:70:2:76:Infinity":9,"s:71:4:71:Infinity":10,"s:72:4:74:Infinity":11,"s:73:6:73:Infinity":12,"b:73:56:73:79:73:79:73:83":10,"s:75:4:75:Infinity":13,"b:78:2:82:Infinity:undefined:undefined:undefined:undefined":11,"s:78:2:82:Infinity":14,"s:79:4:79:Infinity":15,"s:80:4:80:Infinity":16,"s:81:4:81:Infinity":17,"b:84:2:87:Infinity:undefined:undefined:undefined:undefined":12,"s:84:2:87:Infinity":18,"s:85:4:85:Infinity":19,"s:86:4:86:Infinity":20,"s:89:2:89:Infinity":21,"f:89:15:89:23":5,"s:89:29:89:44":22},"fnNames":{}}}
,"/Users/sarthak/Desktop/fleet/taste/src/lib/visualEvidence.ts": {"path":"/Users/sarthak/Desktop/fleet/taste/src/lib/visualEvidence.ts","statementMap":{"0":{"start":{"line":75,"column":58},"end":{"line":78,"column":null}},"1":{"start":{"line":81,"column":28},"end":{"line":81,"column":null}},"2":{"start":{"line":82,"column":14},"end":{"line":82,"column":null}},"3":{"start":{"line":84,"column":2},"end":{"line":87,"column":null}},"4":{"start":{"line":85,"column":4},"end":{"line":85,"column":null}},"5":{"start":{"line":86,"column":4},"end":{"line":86,"column":null}},"6":{"start":{"line":89,"column":2},"end":{"line":92,"column":null}},"7":{"start":{"line":90,"column":4},"end":{"line":90,"column":null}},"8":{"start":{"line":91,"column":4},"end":{"line":91,"column":null}},"9":{"start":{"line":94,"column":2},"end":{"line":97,"column":null}},"10":{"start":{"line":95,"column":4},"end":{"line":95,"column":null}},"11":{"start":{"line":96,"column":4},"end":{"line":96,"column":null}},"12":{"start":{"line":99,"column":2},"end":{"line":102,"column":null}},"13":{"start":{"line":100,"column":4},"end":{"line":100,"column":null}},"14":{"start":{"line":101,"column":4},"end":{"line":101,"column":null}},"15":{"start":{"line":104,"column":2},"end":{"line":107,"column":null}},"16":{"start":{"line":105,"column":4},"end":{"line":105,"column":null}},"17":{"start":{"line":106,"column":4},"end":{"line":106,"column":null}},"18":{"start":{"line":109,"column":2},"end":{"line":112,"column":null}},"19":{"start":{"line":110,"column":4},"end":{"line":110,"column":null}},"20":{"start":{"line":111,"column":4},"end":{"line":111,"column":null}},"21":{"start":{"line":114,"column":2},"end":{"line":117,"column":null}},"22":{"start":{"line":115,"column":4},"end":{"line":115,"column":null}},"23":{"start":{"line":116,"column":4},"end":{"line":116,"column":null}},"24":{"start":{"line":119,"column":18},"end":{"line":119,"column":null}},"25":{"start":{"line":120,"column":16},"end":{"line":120,"column":null}},"26":{"start":{"line":122,"column":2},"end":{"line":126,"column":null}}},"fnMap":{"0":{"name":"summarizeMechanicalRisk","decl":{"start":{"line":80,"column":16},"end":{"line":80,"column":40}},"loc":{"start":{"line":80,"column":109},"end":{"line":127,"column":null}},"line":80}},"branchMap":{"0":{"loc":{"start":{"line":84,"column":2},"end":{"line":87,"column":null}},"type":"if","locations":[{"start":{"line":84,"column":2},"end":{"line":87,"column":null}},{"start":{},"end":{}}],"line":84},"1":{"loc":{"start":{"line":89,"column":2},"end":{"line":92,"column":null}},"type":"if","locations":[{"start":{"line":89,"column":2},"end":{"line":92,"column":null}},{"start":{},"end":{}}],"line":89},"2":{"loc":{"start":{"line":94,"column":2},"end":{"line":97,"column":null}},"type":"if","locations":[{"start":{"line":94,"column":2},"end":{"line":97,"column":null}},{"start":{},"end":{}}],"line":94},"3":{"loc":{"start":{"line":99,"column":2},"end":{"line":102,"column":null}},"type":"if","locations":[{"start":{"line":99,"column":2},"end":{"line":102,"column":null}},{"start":{},"end":{}}],"line":99},"4":{"loc":{"start":{"line":104,"column":2},"end":{"line":107,"column":null}},"type":"if","locations":[{"start":{"line":104,"column":2},"end":{"line":107,"column":null}},{"start":{},"end":{}}],"line":104},"5":{"loc":{"start":{"line":104,"column":6},"end":{"line":104,"column":99}},"type":"binary-expr","locations":[{"start":{"line":104,"column":6},"end":{"line":104,"column":54}},{"start":{"line":104,"column":54},"end":{"line":104,"column":99}}],"line":104},"6":{"loc":{"start":{"line":109,"column":2},"end":{"line":112,"column":null}},"type":"if","locations":[{"start":{"line":109,"column":2},"end":{"line":112,"column":null}},{"start":{},"end":{}}],"line":109},"7":{"loc":{"start":{"line":114,"column":2},"end":{"line":117,"column":null}},"type":"if","locations":[{"start":{"line":114,"column":2},"end":{"line":117,"column":null}},{"start":{},"end":{}}],"line":114},"8":{"loc":{"start":{"line":120,"column":16},"end":{"line":120,"column":null}},"type":"cond-expr","locations":[{"start":{"line":120,"column":32},"end":{"line":120,"column":41}},{"start":{"line":120,"column":41},"end":{"line":120,"column":null}}],"line":120},"9":{"loc":{"start":{"line":120,"column":41},"end":{"line":120,"column":null}},"type":"cond-expr","locations":[{"start":{"line":120,"column":57},"end":{"line":120,"column":68}},{"start":{"line":120,"column":68},"end":{"line":120,"column":null}}],"line":120}},"s":{"0":0,"1":0,"2":0,"3":0,"4":0,"5":0,"6":0,"7":0,"8":0,"9":0,"10":0,"11":0,"12":0,"13":0,"14":0,"15":0,"16":0,"17":0,"18":0,"19":0,"20":0,"21":0,"22":0,"23":0,"24":0,"25":0,"26":0},"f":{"0":0},"b":{"0":[0,0],"1":[0,0],"2":[0,0],"3":[0,0],"4":[0,0],"5":[0,0],"6":[0,0],"7":[0,0],"8":[0,0],"9":[0,0]},"meta":{"lastBranch":10,"lastFunction":1,"lastStatement":27,"seen":{"s:75:58:78:Infinity":0,"f:80:16:80:40":0,"s:81:28:81:Infinity":1,"s:82:14:82:Infinity":2,"b:84:2:87:Infinity:undefined:undefined:undefined:undefined":0,"s:84:2:87:Infinity":3,"s:85:4:85:Infinity":4,"s:86:4:86:Infinity":5,"b:89:2:92:Infinity:undefined:undefined:undefined:undefined":1,"s:89:2:92:Infinity":6,"s:90:4:90:Infinity":7,"s:91:4:91:Infinity":8,"b:94:2:97:Infinity:undefined:undefined:undefined:undefined":2,"s:94:2:97:Infinity":9,"s:95:4:95:Infinity":10,"s:96:4:96:Infinity":11,"b:99:2:102:Infinity:undefined:undefined:undefined:undefined":3,"s:99:2:102:Infinity":12,"s:100:4:100:Infinity":13,"s:101:4:101:Infinity":14,"b:104:2:107:Infinity:undefined:undefined:undefined:undefined":4,"s:104:2:107:Infinity":15,"b:104:6:104:54:104:54:104:99":5,"s:105:4:105:Infinity":16,"s:106:4:106:Infinity":17,"b:109:2:112:Infinity:undefined:undefined:undefined:undefined":6,"s:109:2:112:Infinity":18,"s:110:4:110:Infinity":19,"s:111:4:111:Infinity":20,"b:114:2:117:Infinity:undefined:undefined:undefined:undefined":7,"s:114:2:117:Infinity":21,"s:115:4:115:Infinity":22,"s:116:4:116:Infinity":23,"s:119:18:119:Infinity":24,"s:120:16:120:Infinity":25,"b:120:32:120:41:120:41:120:Infinity":8,"b:120:57:120:68:120:68:120:Infinity":9,"s:122:2:126:Infinity":26},"fnNames":{}}}
}
